D 2022-09-24 19:40:34.207513 [Main] {Main} Removing old/extra log file: battle.net-20220712T130936.511209.log
D 2022-09-24 19:40:34.207774 [Main] {Main} Removing old/extra log file: battle.net-20220712T174859.567185.log
D 2022-09-24 19:40:34.208046 [Main] {Main} Removing old/extra log file: battle.net-20220713T154053.032087.log
D 2022-09-24 19:40:34.208313 [Main] {Main} Removing old/extra log file: battle.net-20220713T165937.497643.log
D 2022-09-24 19:40:34.208456 [Main] {Main} Removing old/extra log file: battle.net-20220714T140214.008629.log
D 2022-09-24 19:40:34.208636 [Main] {Main} Removing old/extra log file: battle.net-20220714T153508.672947.log
D 2022-09-24 19:40:34.208775 [Main] {Main} Removing old/extra log file: battle.net-20220714T210820.346214.log
D 2022-09-24 19:40:34.208932 [Main] {Main} Removing old/extra log file: libcef-20220712T130940.366716.log
D 2022-09-24 19:40:34.209027 [Main] {Main} Removing old/extra log file: libcef-20220712T174903.765755.log
D 2022-09-24 19:40:34.209152 [Main] {Main} Removing old/extra log file: libcef-20220713T154056.494555.log
D 2022-09-24 19:40:34.209277 [Main] {Main} Removing old/extra log file: libcef-20220713T165940.460704.log
D 2022-09-24 19:40:34.209404 [Main] {Main} Removing old/extra log file: libcef-20220714T140217.096617.log
D 2022-09-24 19:40:34.209498 [Main] {Main} Removing old/extra log file: libcef-20220714T153510.763803.log
D 2022-09-24 19:40:34.209609 [Main] {Main} Removing old/extra log file: libcef-20220714T210824.092899.log
I 2022-09-24 19:40:34.209705 [Main] {Main} Logging started for Battle.net build 2.13.2.13560
I 2022-09-24 19:40:34.209892 [Configuration] {Main} SharedConfigRoot: C:\ProgramData\Battle.net
I 2022-09-24 19:40:34.210041 [Configuration] {Main} RoamingConfigRoot: C:\Users\negro\AppData\Roaming\Battle.net
I 2022-09-24 19:40:34.210048 [Configuration] {Main} LocalConfigRoot: C:\Users\negro\AppData\Local\Battle.net
D 2022-09-24 19:40:34.210281 [Configuration] {Main} Searching for config file: D:\Battle.net\Battle.net.13560\Battle.net.config
D 2022-09-24 19:40:34.210311 [Configuration] {Main} Searching for config file: D:\Battle.net\Battle.net.config
D 2022-09-24 19:40:34.215572 [Configuration] {Main} User Configuration File: C:\Users\negro\AppData\Roaming\Battle.net\Battle.net.config
I 2022-09-24 19:40:34.217882 [Main] {Main} Command line arguments: {[0]=--game=odin, [1]=--gamepath=D:\Battle.net\Call of Duty Modern Warfare}
I 2022-09-24 19:40:34.219427 [Main] {Main} Opening IPC shared memory. queueName=User:negro:Battle.net IPC ShMem mode=server
I 2022-09-24 19:40:34.226243 [CommandQueue] {Main} Dispatching Command: register odin D:\Battle.net\Call of Duty Modern Warfare   false
I 2022-09-24 19:40:34.373676 [Frontend] {Main} Supplying list of renderers: d3d11,warp,desktop
I 2022-09-24 19:40:35.006356 [LocalizationData] {Main} 21 language(s) loaded from languages.xml, default=enUS
D 2022-09-24 19:40:35.259461 [Main] {Main} Adding application font: resources/fonts/BlizzardReg.ttf
D 2022-09-24 19:40:35.266229 [Main] {Main} Adding application font: resources/fonts/BlizzardLig.ttf
D 2022-09-24 19:40:35.271102 [Main] {Main} Adding application font: resources/fonts/BlizzardBol.ttf
D 2022-09-24 19:40:35.275016 [Main] {Main} Adding application font: resources/fonts/NotoSans-Bold.ttf
D 2022-09-24 19:40:35.285095 [Main] {Main} Adding application font: resources/fonts/NotoSans-BoldItalic.ttf
D 2022-09-24 19:40:35.291466 [Main] {Main} Adding application font: resources/fonts/NotoSans-Italic.ttf
D 2022-09-24 19:40:35.297177 [Main] {Main} Adding application font: resources/fonts/NotoSans-Regular.ttf
D 2022-09-24 19:40:35.301960 [Main] {Main} Adding application font: resources/fonts/ObjectSans-Bold.ttf
D 2022-09-24 19:40:35.303459 [Main] {Main} Adding application font: resources/fonts/ObjectSans-Medium.ttf
D 2022-09-24 19:40:36.205514 [Main] {Main} Setting font to: Blizzard
I 2022-09-24 19:40:36.206273 [CacheManager] {Main} Local storage cache at: C:\Users\negro\AppData\Local\Battle.net\Cache
I 2022-09-24 19:40:36.281526 [Main] {Main} Opened database at: C:\Users\negro\AppData\Local\Battle.net\CachedData.db
D 2022-09-24 19:40:36.282626 [Agent] {Agent} PolicyHandlerThreadProc: I shall in all my best obey you.
D 2022-09-24 19:40:36.282627 [Agent] {Main} PolicyHandler Thread STARTED
I 2022-09-24 19:40:36.322041 [Agent] {Agent} Agent has different session: 5311165345446367718
I 2022-09-24 19:40:36.322056 [Agent] {Agent} Agent Version is now: 2.27.2.7893 (retail)
I 2022-09-24 19:40:36.323314 [GameSessionList] {Agent} Reporting process: TrackingInfo(uid=battle.net, type=game, opStatus=On, reqId=0, running=1, oldRunning=0)
D 2022-09-24 19:40:36.324127 [Agent] {Agent} GameResource created for uid: agent
D 2022-09-24 19:40:36.324155 [Agent] {Agent} GameResource created for uid: battle.net
D 2022-09-24 19:40:36.324165 [Agent] {Agent} GameResource created for uid: odin
I 2022-09-24 19:40:36.374626 [DIAG_BNL_Voice] {Main} Audio device monitor using already-initialized COM
I 2022-09-24 19:40:36.375984 [VoiceSessionBroker] {Main} Global voice is on
I 2022-09-24 19:40:36.376180 [Main] {Main} Execution environment changed. environment=EE_STANDARD
I 2022-09-24 19:40:36.376496 [CatalogManager] {Main} Loaded catalog hash from the database cache. hash=68d0ab196644f98052e5498040371d6d
I 2022-09-24 19:40:36.376849 [CatalogManager] {Main} Built-in catalog hash (catalog/digesthash.txt): c9c33eb872247c6110ad5b98356d548b
I 2022-09-24 19:40:36.376899 [CatalogManager] {Main} Built-in catalog hash (catalog/signaturehash.txt): 6742035145770c02540cfe1c692eb2a0
I 2022-09-24 19:40:36.376915 [CatalogLoader] {Main} *** LOAD STARTED default: Context(LocalCAS: 68d0ab196644f98052e5498040371d6d I) ***
W 2022-09-24 19:40:37.525928 [FeatureManager] {Main} Feature 'battle.net_http_request_0_c6caed0e' depends on missing feature 'http_test'
E 2022-09-24 19:40:37.525945 [FeatureManager] {Main} Feature 'battle.net_http_request_0_c6caed0e' has dependency errors and will not respond to dependency changes
I 2022-09-24 19:40:37.525964 [FeatureManager] {Main} Moving feature record from active to inactive: trace_route
I 2022-09-24 19:40:37.525971 [FeatureManager] {Main} Moving feature record from active to inactive: whisper_voice
I 2022-09-24 19:40:37.526002 [FeatureManager] {Main} Moving feature record from active to inactive: mapped_urls
I 2022-09-24 19:40:37.526007 [FeatureManager] {Main} Feature changed: zeus_refresh_without_license_b63211e4=true
I 2022-09-24 19:40:37.526017 [FeatureManager] {Main} Feature changed: hearthstone_limited_event_57b4aca6=true
I 2022-09-24 19:40:37.526022 [FeatureManager] {Main} Feature changed: fore_buy_now_fore_fef83a73=true
I 2022-09-24 19:40:37.526027 [FeatureManager] {Main} Feature changed: fore_limited_alpha_f6824657=true
I 2022-09-24 19:40:37.526032 [FeatureManager] {Main} Feature changed: gryphon_mobile_449148fc=true
I 2022-09-24 19:40:37.526052 [FeatureManager] {Main} Feature changed: lazarus_show_on_beta_5bbf784c=true
I 2022-09-24 19:40:37.526057 [FeatureManager] {Main} Feature changed: zeus_show_on_beta_5bbf784c=true
I 2022-09-24 19:40:37.526063 [FeatureManager] {Main} Feature changed: odin_deprecate_event_21bf1dc9=true
I 2022-09-24 19:40:37.526067 [FeatureManager] {Main} Feature changed: odin_show_on_beta_5bbf784c=true
I 2022-09-24 19:40:37.526071 [FeatureManager] {Main} Feature changed: odin_upgrade_from_odin_fef83a73=true
I 2022-09-24 19:40:37.526077 [FeatureManager] {Main} Feature changed: osi_limited_install_773b93da=true
I 2022-09-24 19:40:37.526082 [FeatureManager] {Main} Feature changed: osi_limited_product_d9fa6516=true
I 2022-09-24 19:40:37.526087 [FeatureManager] {Main} Feature changed: overwatch_limited_beta_96a2c076=true
I 2022-09-24 19:40:37.526092 [FeatureManager] {Main} Feature changed: overwatch_trial_8df428bf=true
I 2022-09-24 19:40:37.526098 [FeatureManager] {Main} Feature changed: viper_show_on_beta_5bbf784c=true
I 2022-09-24 19:40:37.526103 [FeatureManager] {Main} Feature changed: warcraft_iii_upgrade_05e4b09b=true
I 2022-09-24 19:40:37.526107 [FeatureManager] {Main} Feature changed: wlby_show_on_beta_5bbf784c=true
I 2022-09-24 19:40:37.533110 [FeatureManager] {Main} Feature changed: first_time_experience=true
I 2022-09-24 19:40:37.533123 [FeatureManager] {Main} Feature changed: clear_chat_history=true
I 2022-09-24 19:40:37.533128 [FeatureManager] {Main} Feature changed: mentions=true
I 2022-09-24 19:40:37.533138 [FeatureManager] {Main} Feature changed: group_privacy_settings=true
I 2022-09-24 19:40:37.533142 [FeatureManager] {Main} Feature changed: cn_age_alert=true
I 2022-09-24 19:40:37.533148 [FeatureManager] {Main} Feature changed: activision_auto_account_creation=true
I 2022-09-24 19:40:37.533151 [FeatureManager] {Main} Feature changed: suggested_group_members=true
I 2022-09-24 19:40:37.533155 [FeatureManager] {Main} Feature changed: friend_request_management=true
I 2022-09-24 19:40:37.533161 [FeatureManager] {Main} Feature changed: social_tab=true
I 2022-09-24 19:40:37.533164 [FeatureManager] {Main} Feature changed: auto_update_optimization=true
I 2022-09-24 19:40:37.533168 [FeatureManager] {Main} Feature changed: embedded_web_view=true
I 2022-09-24 19:40:37.533173 [FeatureManager] {Main} Feature changed: collapsible_social_panel=true
I 2022-09-24 19:40:37.533177 [FeatureManager] {Main} Feature changed: blizzard_profiles=true
I 2022-09-24 19:40:37.533183 [FeatureManager] {Main} Feature changed: all_games_v2=true
I 2022-09-24 19:40:37.533187 [FeatureManager] {Main} Feature changed: all_games_new_badge=true
I 2022-09-24 19:40:37.533190 [FeatureManager] {Main} Feature changed: appear_offline=true
I 2022-09-24 19:40:37.533194 [FeatureManager] {Main} Feature changed: refresh_toast=true
I 2022-09-24 19:40:37.533198 [FeatureManager] {Main} Feature changed: app_feedback_dialog=true
I 2022-09-24 19:40:37.533202 [FeatureManager] {Main} Feature changed: browser_main_window=true
I 2022-09-24 19:40:37.533207 [FeatureManager] {Main} Feature changed: chat_giphy=true
I 2022-09-24 19:40:37.533211 [FeatureManager] {Main} Feature changed: multichats=true
I 2022-09-24 19:40:37.533215 [FeatureManager] {Main} Feature changed: content_ui=true
I 2022-09-24 19:40:37.533218 [FeatureManager] {Main} Feature changed: content_ui_web_view=true
I 2022-09-24 19:40:37.533222 [FeatureManager] {Main} Feature changed: cts_takeovers=true
I 2022-09-24 19:40:37.533226 [FeatureManager] {Main} Feature changed: sms_protect_requirements=true
I 2022-09-24 19:40:37.533229 [FeatureManager] {Main} Feature changed: link_previews=true
I 2022-09-24 19:40:37.533233 [FeatureManager] {Main} Feature changed: friends_list_popout=true
I 2022-09-24 19:40:37.533237 [FeatureManager] {Main} Feature changed: gift_inventory=true
I 2022-09-24 19:40:37.533241 [FeatureManager] {Main} Feature changed: refresh_friend_tooltip=true
I 2022-09-24 19:40:37.533244 [FeatureManager] {Main} Feature changed: global_legendary_promos=true
I 2022-09-24 19:40:37.533248 [FeatureManager] {Main} Feature changed: shop_wish_list=true
I 2022-09-24 19:40:37.535083 [FeatureManager] {Main} Feature changed: http_test=true tags=http_request_0
I 2022-09-24 19:40:37.535096 [FeatureManager] {Main} Feature changed: install_packages=true
I 2022-09-24 19:40:37.535125 [FeatureManager] {Main} Feature changed: modify_install=true
I 2022-09-24 19:40:37.535129 [FeatureManager] {Main} Feature changed: non_friend_whispers=true
I 2022-09-24 19:40:37.535132 [FeatureManager] {Main} Feature changed: notification_center=true
I 2022-09-24 19:40:37.535135 [FeatureManager] {Main} Feature changed: playscreen_migrate_cms=true
I 2022-09-24 19:40:37.535139 [FeatureManager] {Main} Feature changed: shared_container_installs=true
I 2022-09-24 19:40:37.535143 [FeatureManager] {Main} Feature changed: sc2_account_selection_dialog=true
I 2022-09-24 19:40:37.535146 [FeatureManager] {Main} Feature changed: suggested_facebook_friends=true
I 2022-09-24 19:40:37.535153 [FeatureManager] {Main} Feature changed: whisper_voice=true
I 2022-09-24 19:40:37.535160 [FeatureManager] {Main} Feature changed: battle.net_http_request_0_c6caed0e=true
D 2022-09-24 19:40:37.535245 [Configuration] {Main} Searching for config file: D:\Battle.net\Battle.net.13560\Environments.yaml
D 2022-09-24 19:40:37.535295 [Configuration] {Main} Searching for config file: D:\Battle.net\Environments.yaml
I 2022-09-24 19:40:37.535313 [EnvironmentManager] {Main} Login parameters changed: address=us.actual.battle.net:1119 region=US
D 2022-09-24 19:40:37.546509 [CatalogVarStorage] {Main} Setting var from catalog Browser.DisableSiteIsolation=true
D 2022-09-24 19:40:37.546555 [CatalogVarStorage] {Main} Setting var from catalog Client.Voice.LastDestroySessionLogoutTime=60000
D 2022-09-24 19:40:37.546567 [CatalogVarStorage] {Main} Setting var from catalog Client.AccountHintRequiredProgramIds=ANBS
D 2022-09-24 19:40:37.546572 [CatalogVarStorage] {Main} Setting var from catalog Client.ActivisionAutoAccountCreation.Games=ODIN,ZEUS,FORE,AUKS
D 2022-09-24 19:40:37.546577 [CatalogVarStorage] {Main} Setting var from catalog Client.Shop.SaleNotificationEnabled=false
D 2022-09-24 19:40:37.546582 [CatalogVarStorage] {Main} Setting var from catalog Client.OwlScreen.LiveCheckIntervalMS=300000
D 2022-09-24 19:40:37.546593 [CatalogVarStorage] {Main} Setting var from catalog Client.Announcements.MaximumAnnouncements=20
D 2022-09-24 19:40:37.546600 [CatalogVarStorage] {Main} Setting var from catalog Client.NewProfileWindowLayout=true
D 2022-09-24 19:40:37.546606 [CatalogVarStorage] {Main} Setting var from catalog Client.PromotedScreenVersion=3
D 2022-09-24 19:40:37.546611 [CatalogVarStorage] {Main} Setting var from catalog Client.Shop.SaleNotificationVersion=6
D 2022-09-24 19:40:37.546617 [CatalogVarStorage] {Main} Setting var from catalog Client.Version.BetaAccessOverride=enabled
I 2022-09-24 19:40:37.546623 [VersionManager] {Main} Beta Access: enabled
D 2022-09-24 19:40:37.546628 [CatalogVarStorage] {Main} Setting var from catalog Client.Version.BetaBranchOverride=beta
D 2022-09-24 19:40:37.546634 [CatalogVarStorage] {Main} Setting var from catalog Services.WhisperChannels.InactivityTimeoutMS=0
I 2022-09-24 19:40:37.549162 [CatalogLoader] {Main} *** LOAD COMPLETE default ***
I 2022-09-24 19:40:37.549195 [CatalogManager] {Main} Loaded initial catalog: hash=68d0ab196644f98052e5498040371d6d
I 2022-09-24 19:40:37.607670 [WebServer] {Backend:0} Listening on port 22885
D 2022-09-24 19:40:39.511536 [UI] {Main} Fixup allowed regions and locales. installedRegion=US allowedRegions= allowedLocales=
I 2022-09-24 19:40:39.512022 [ToastManager] {Main} Toasts are enabled in ClientSettings
D 2022-09-24 19:40:39.613068 [ProductState] {Main} Game product state created: uid=
D 2022-09-24 19:40:39.613205 [ProductState] {Main} InstallState (): currentOperation=Install currentOperationStatus=New
I 2022-09-24 19:40:39.640729 [Main] {Main} Application path is: D:\Battle.net\Battle.net.exe
I 2022-09-24 19:40:39.801710 [ClientServiceAlertMonitor] {Main} Breaking News url has changed. url=https://nydus.battle.net/App/esMX/client/App/alert?targetRegion=US
D 2022-09-24 19:40:39.801841 [RemoteContentCache] {Main} Found cached remote content. url=https://nydus.battle.net/App/esMX/client/App/alert?targetRegion=US
I 2022-09-24 19:40:39.803584 [ClientServiceAlertMonitor] {Main} Maintenance url has changed. url=https://nydus.battle.net/App/esMX/client/App/maintenance?targetRegion=US
D 2022-09-24 19:40:39.803687 [RemoteContentCache] {Main} Found cached remote content. url=https://nydus.battle.net/App/esMX/client/App/maintenance?targetRegion=US
I 2022-09-24 19:40:39.832323 [Frontend] {Main} Public Computer state changed. is_public=false
D 2022-09-24 19:40:39.832348 [Frontend] {Main} Session id changed. session_id=379134371638108769
D 2022-09-24 19:40:39.832384 [Frontend] {Main} Tracking info changed. client_id=E7439D5F-6901-4BF3-AB4F-EF486CAEDAAC, user_agent=
I 2022-09-24 19:40:40.073329 [HighDpiManager] {Main} High dpi support available changed: 0
I 2022-09-24 19:40:40.073350 [Frontend] {Main} High dpi support: disabled
D 2022-09-24 19:40:40.073732 [Main] {WorkerPool:3} Checking permissions on path: C:\ProgramData\Battle.net\Setup depth=-1
D 2022-09-24 19:40:40.074164 [Main] {WorkerPool:3} Checking permissions on path: C:\ProgramData\Battle.net\Agent depth=1
D 2022-09-24 19:40:40.075187 [Main] {WorkerPool:3} Checking permissions on path: C:\ProgramData\Battle.net\Agent\Agent.7779 depth=1
D 2022-09-24 19:40:40.075493 [Main] {WorkerPool:3} Checking permissions on path: C:\ProgramData\Battle.net\Agent\Agent.7893 depth=1
D 2022-09-24 19:40:40.075715 [Main] {WorkerPool:3} Checking permissions on path: C:\ProgramData\Battle.net\Agent\Agent.8020 depth=1
D 2022-09-24 19:40:40.075894 [Main] {WorkerPool:3} Checking permissions on path: C:\ProgramData\Blizzard Entertainment depth=2
D 2022-09-24 19:40:40.119305 [Frontend] {Main} Session id changed. session_id=5311165345446367718
I 2022-09-24 19:40:40.119538 [Agent] {Main} AgentManager is now initialized
I 2022-09-24 19:40:40.119545 [InstallManager] {Main} Install manager is now initialized
D 2022-09-24 19:40:40.119550 [InstallManager] {Main} Selecting best game install data for game battle.net: savedUid=battle.net originalUid=<none> newUid=battle.net
D 2022-09-24 19:40:40.119561 [InstallInfo] {Main} InstallInfo agent association has been changed: uid=battle.net agentUid=battle.net
D 2022-09-24 19:40:40.119569 [InstallManager] {Main} Selecting best game install data for game odin: savedUid=odin originalUid=<none> newUid=odin
D 2022-09-24 19:40:40.119573 [InstallInfo] {Main} InstallInfo agent association has been changed: uid=odin agentUid=odin
D 2022-09-24 19:40:40.119587 [VersionManager] {Main} Branch change from Agent detected. activeBranch= branches={[0]=beta, [1]=cn, [2]=eu, [3]=kr, [4]=macos-10.12, [5]=sg, [6]=tw, [7]=us}
D 2022-09-24 19:40:40.119599 [VersionManager] {Main} Beta branch is available: true
D 2022-09-24 19:40:40.119628 [ProductState] {Main} Game product state created: uid=odin
D 2022-09-24 19:40:40.119657 [ProductState] {Main} InstallState (odin): currentOperation=Update currentOperationStatus=New installed=1 optionalPackageInstalled=1 installPath=D:/Battle.net/Call of Duty Modern Warfare canCreateShortcut=1 selectedRegion=us activeConfigKey=db883197b8c21ec29650db548b9427fd regionalVersions=(eu: {playable:false config_key:a57dcece488b1ee1d4b9cc3e172119e9}, kr: {playable:false config_key:a57dcece488b1ee1d4b9cc3e172119e9}, us: {playable:false config_key:a57dcece488b1ee1d4b9cc3e172119e9}) localVersion=1.59.3.11888139 latestVersion=1.24849e+07 progress=1
D 2022-09-24 19:40:40.119675 [Agent] {Main} Versioning is now enabled
D 2022-09-24 19:40:40.119687 [Agent] {Main} Triggering game versioning: battle.net
D 2022-09-24 19:40:40.119701 [Agent] {Main} Triggering game versioning: odin
D 2022-09-24 19:40:40.119758 [InstallManager] {Main} Sending a queued OnProcessPidsUpdated notification: agentUid=battle.net binaryType=game
D 2022-09-24 19:40:40.119769 [InstallManager] {Main} Sending a queued OnProcessRunning notification: agentUid=battle.net binaryType=game
I 2022-09-24 19:40:40.119775 [InstallManager] {Main} Setting Process Running: true uid=battle.net binaryType=game any=true
D 2022-09-24 19:40:40.119783 [InstallInfo] {Main} Operation status changed: opType=Execute oldStatus=Off newStatus=On agentUid=battle.net
I 2022-09-24 19:40:40.119815 [InstallManager] {Main} Starting [Auto] UPDATE operation for "battle.net".
D 2022-09-24 19:40:40.119823 [InstallInfo] {Main} Operation status changed: opType=Update oldStatus=Off newStatus=On agentUid=battle.net
W 2022-09-24 19:40:40.166104 [RemoteContentManager] {http} Request failed. url=https://nydus.battle.net/App/esMX/client/App/alert?targetRegion=US statusCode=0 err=Resolving timed out after 1 milliseconds
D 2022-09-24 19:40:40.216982 [InstallManager] {Main} Command_RegisterGame uid: odin path: D:\Battle.net\Call of Duty Modern Warfare productcode:  subfolder:  repairing: false
D 2022-09-24 19:40:40.217037 [InstallManager] {Main} PerformRegisterInstall uid= productCode=* installDir=D:\Battle.net\Call of Duty Modern Warfare subfolder= region=US
I 2022-09-24 19:40:40.217098 [CatalogLoader] {Main} *** LOAD STARTED default: Context(LocalCAS: 68d0ab196644f98052e5498040371d6d I) ***
I 2022-09-24 19:40:40.541198 [FeatureManager] {Main} Moving feature record from active to inactive: overwatch_league_tab
I 2022-09-24 19:40:40.541214 [FeatureManager] {Main} Moving feature record from active to inactive: blizzcon_tab
D 2022-09-24 19:40:40.550204 [CatalogVarStorage] {Main} Setting var from catalog Browser.DisableSiteIsolation=true
D 2022-09-24 19:40:40.550220 [CatalogVarStorage] {Main} Setting var from catalog Client.Voice.LastDestroySessionLogoutTime=60000
D 2022-09-24 19:40:40.550229 [CatalogVarStorage] {Main} Setting var from catalog Client.AccountHintRequiredProgramIds=ANBS
D 2022-09-24 19:40:40.550234 [CatalogVarStorage] {Main} Setting var from catalog Client.ActivisionAutoAccountCreation.Games=ODIN,ZEUS,FORE,AUKS
D 2022-09-24 19:40:40.550238 [CatalogVarStorage] {Main} Setting var from catalog Client.Shop.SaleNotificationEnabled=false
D 2022-09-24 19:40:40.550243 [CatalogVarStorage] {Main} Setting var from catalog Client.OwlScreen.LiveCheckIntervalMS=300000
D 2022-09-24 19:40:40.550253 [CatalogVarStorage] {Main} Setting var from catalog Client.Announcements.MaximumAnnouncements=20
D 2022-09-24 19:40:40.550258 [CatalogVarStorage] {Main} Setting var from catalog Client.NewProfileWindowLayout=true
D 2022-09-24 19:40:40.550263 [CatalogVarStorage] {Main} Setting var from catalog Client.PromotedScreenVersion=3
D 2022-09-24 19:40:40.550268 [CatalogVarStorage] {Main} Setting var from catalog Client.Shop.SaleNotificationVersion=6
D 2022-09-24 19:40:40.550273 [CatalogVarStorage] {Main} Setting var from catalog Client.Version.BetaAccessOverride=enabled
D 2022-09-24 19:40:40.550277 [CatalogVarStorage] {Main} Setting var from catalog Client.Version.BetaBranchOverride=beta
D 2022-09-24 19:40:40.550283 [CatalogVarStorage] {Main} Setting var from catalog Services.WhisperChannels.InactivityTimeoutMS=0
D 2022-09-24 19:40:40.550288 [CatalogVarStorage] {Main} Setting var from catalog Services.HTTPClient.ConnectionTimeoutMS=0
I 2022-09-24 19:40:40.552543 [CatalogLoader] {Main} *** LOAD COMPLETE default ***
I 2022-09-24 19:40:40.557330 [Main] {Main} Connecting to server. address=us.actual.battle.net port=1119
D 2022-09-24 19:40:40.832149 [ClientServiceAlertMonitor] {Main} Service alert monitor force update requested
D 2022-09-24 19:40:40.832163 [ClientServiceAlertMonitor] {Main} Breaking News update requested
D 2022-09-24 19:40:40.832187 [ClientServiceAlertMonitor] {Main} Maintenance update requested
E 2022-09-24 19:40:40.986814 [TactVersionWatcher] {Main} Catalog tact query failed. request=http://us.patch.battle.net:1119/catalogs/versions?nocache=16640484405525857 httpCode=0
E 2022-09-24 19:40:40.986836 [CatalogLoader] {Main} An error was returned in the watcher response: errorCode=101
D 2022-09-24 19:40:42.716434 [LoginController] {Main} Login_QueueUpdate (position=1,clientWaitTime=00:00:01.129079,skipLoginQueueUi=true)
I 2022-09-24 19:40:43.177292 [Main] {Main} Opened database at: C:\Users\negro\AppData\Local\Battle.net\Account\816061567\account.db
I 2022-09-24 19:40:43.183345 [GSAccountProvider] {Main} Login triggered. entityId=1:0:30a41c7f
I 2022-09-24 19:40:43.183367 [GSStateTracker] {Main} State changed to: WaitingForAccountState
I 2022-09-24 19:40:43.183379 [AccountManager] {Main} Account manager state has changed to: Loading
D 2022-09-24 19:40:43.183765 [GSAccountProvider] {Main} Querying account level info for account: 1:0:30a41c7f
D 2022-09-24 19:40:43.183791 [GSAccountProvider] {Main} Querying parental control info for account: 1:0:30a41c7f
D 2022-09-24 19:40:43.183810 [GSAccountProvider] {Main} Querying game accounts for region: US
D 2022-09-24 19:40:43.183819 [GSAccountProvider] {Main} Querying game accounts for region: EU
D 2022-09-24 19:40:43.183823 [GSAccountProvider] {Main} Querying game accounts for region: KR
D 2022-09-24 19:40:43.183827 [GSAccountProvider] {Main} Querying game accounts for region: SG
D 2022-09-24 19:40:43.183830 [GSAccountProvider] {Main} Querying game accounts for region: XX
D 2022-09-24 19:40:43.183834 [GSAccountProvider] {Main} Querying game accounts for region: GLOBAL
D 2022-09-24 19:40:43.183837 [GSAccountProvider] {Main} Querying parental control info for account: 1:0:30a41c7f
D 2022-09-24 19:40:43.183869 [GSAccountProvider] {Main} Querying program level information for program: OSI
D 2022-09-24 19:40:43.183877 [GSAccountProvider] {Main} Querying program level information for program: Fen
D 2022-09-24 19:40:43.183881 [GSAccountProvider] {Main} Querying program level information for program: D3
D 2022-09-24 19:40:43.183886 [GSAccountProvider] {Main} Querying program level information for program: S2
D 2022-09-24 19:40:43.183890 [GSAccountProvider] {Main} Querying program level information for program: S1
D 2022-09-24 19:40:43.183895 [GSAccountProvider] {Main} Querying program level information for program: FORE
D 2022-09-24 19:40:43.183899 [GSAccountProvider] {Main} Querying program level information for program: W3
D 2022-09-24 19:40:43.183904 [GSAccountProvider] {Main} Querying program level information for program: WoW
D 2022-09-24 19:40:43.183911 [GSAccountProvider] {Main} Querying program level information for program: Pro
D 2022-09-24 19:40:43.183920 [GSAccountProvider] {Main} Querying program level information for program: ODIN
D 2022-09-24 19:40:43.183925 [GSAccountProvider] {Main} Querying program level information for program: ANBS
D 2022-09-24 19:40:43.183929 [GSAccountProvider] {Main} Querying program level information for program: Hero
D 2022-09-24 19:40:43.183933 [GSAccountProvider] {Main} Querying program level information for program: D3CN
D 2022-09-24 19:40:43.183938 [GSAccountProvider] {Main} Querying program level information for program: AUKS
D 2022-09-24 19:40:43.183943 [GSAccountProvider] {Main} Querying program level information for program: LAZR
D 2022-09-24 19:40:43.183948 [GSAccountProvider] {Main} Querying program level information for program: RTRO
D 2022-09-24 19:40:43.183952 [GSAccountProvider] {Main} Querying program level information for program: SPOT
D 2022-09-24 19:40:43.183956 [GSAccountProvider] {Main} Querying program level information for program: VIPR
D 2022-09-24 19:40:43.183962 [GSAccountProvider] {Main} Querying program level information for program: WLBY
D 2022-09-24 19:40:43.183967 [GSAccountProvider] {Main} Querying program level information for program: WTCG
D 2022-09-24 19:40:43.183971 [GSAccountProvider] {Main} Querying program level information for program: ZEUS
D 2022-09-24 19:40:43.191820 [GSAccountProvider] {Main} Received AccountLevelInfo for account. entityId=1:0:30a41c7f accountLevelInfo=|licenses:|:licenses|default_currency=4280915|country=ARG|preferred_region=1
I 2022-09-24 19:40:43.191879 [AccountManager] {Main} Account site region code changed: US
I 2022-09-24 19:40:43.191905 [AccountManager] {Main} Account country changed: ARG
D 2022-09-24 19:40:43.191926 [GSAccountProvider] {Main} Parental control info for account (1:0:30a41c7f) resulted in cache miss.
D 2022-09-24 19:40:43.191946 [GSAccountProvider] {Main} Querying game level information for entity: (Game: US-ODIN-576921270)
D 2022-09-24 19:40:43.191955 [GSAccountProvider] {Main} Querying game time info for entity Id: (Game: US-ODIN-576921270)
D 2022-09-24 19:40:43.191976 [GSAccountProvider] {Main} Received 1 game accounts from region 'US'
D 2022-09-24 19:40:43.191981 [GSAccountProvider] {Main} Game account list for region 'EU' resulted in cache miss.
I 2022-09-24 19:40:43.192004 [GSStateTracker] {Main} State changed to: Loading
D 2022-09-24 19:40:43.192008 [GSAccountProvider] {Main} Game account list for region 'KR' resulted in cache miss.
D 2022-09-24 19:40:43.192012 [GSAccountProvider] {Main} Game account list for region 'SG' resulted in cache miss.
D 2022-09-24 19:40:43.192014 [GSAccountProvider] {Main} Game account list for region 'XX' resulted in cache miss.
D 2022-09-24 19:40:43.192017 [GSAccountProvider] {Main} Game account list for region 'GLOBAL' resulted in cache miss.
D 2022-09-24 19:40:43.192020 [GSAccountProvider] {Main} Parental control info for account (1:0:30a41c7f) resulted in cache miss.
D 2022-09-24 19:40:43.192026 [GSAccountProvider] {Main} Received program level info. programId=OSI programLevelInfo=|program=5198665
D 2022-09-24 19:40:43.192072 [GSAccountProvider] {Main} Received program level info. programId=Fen programLevelInfo=|program=4613486
D 2022-09-24 19:40:43.192079 [GSAccountProvider] {Main} Received program level info. programId=D3 programLevelInfo=|program=17459
D 2022-09-24 19:40:43.192084 [GSAccountProvider] {Main} Received program level info. programId=S2 programLevelInfo=|program=21298
D 2022-09-24 19:40:43.192088 [GSAccountProvider] {Main} Received program level info. programId=S1 programLevelInfo=|program=21297
D 2022-09-24 19:40:43.192093 [GSAccountProvider] {Main} Received program level info. programId=FORE programLevelInfo=|program=1179603525
D 2022-09-24 19:40:43.192098 [GSAccountProvider] {Main} Received program level info. programId=W3 programLevelInfo=|program=22323
D 2022-09-24 19:40:43.192103 [GSAccountProvider] {Main} Received program level info. programId=WoW programLevelInfo=|program=5730135
D 2022-09-24 19:40:43.192108 [GSAccountProvider] {Main} Received program level info. programId=Pro programLevelInfo=|program=5272175
D 2022-09-24 19:40:43.192113 [GSAccountProvider] {Main} Received program level info. programId=ODIN programLevelInfo=|program=1329875278
D 2022-09-24 19:40:43.192118 [GSAccountProvider] {Main} Received program level info. programId=ANBS programLevelInfo=|program=1095647827
D 2022-09-24 19:40:43.192123 [GSAccountProvider] {Main} Received program level info. programId=Hero programLevelInfo=|program=1214607983
D 2022-09-24 19:40:43.192128 [GSAccountProvider] {Main} Cache miss for program level info. programId=D3CN
D 2022-09-24 19:40:43.192132 [GSAccountProvider] {Main} Received program level info. programId=AUKS programLevelInfo=|program=1096108883
D 2022-09-24 19:40:43.192136 [GSAccountProvider] {Main} Received program level info. programId=LAZR programLevelInfo=|program=1279351378
D 2022-09-24 19:40:43.192142 [GSAccountProvider] {Main} Received program level info. programId=RTRO programLevelInfo=|program=1381257807
D 2022-09-24 19:40:43.192146 [GSAccountProvider] {Main} Received program level info. programId=SPOT programLevelInfo=|program=1397772116
D 2022-09-24 19:40:43.192151 [GSAccountProvider] {Main} Received program level info. programId=VIPR programLevelInfo=|program=1447645266
D 2022-09-24 19:40:43.192156 [GSAccountProvider] {Main} Received program level info. programId=WLBY programLevelInfo=|program=1464615513
D 2022-09-24 19:40:43.192161 [GSAccountProvider] {Main} Received program level info. programId=WTCG programLevelInfo=|program=1465140039
D 2022-09-24 19:40:43.192165 [GSAccountProvider] {Main} Received program level info. programId=ZEUS programLevelInfo=|program=1514493267
D 2022-09-24 19:40:43.196749 [GSAccountProvider] {Main} Received GameLevelInfo: (Game: US-ODIN-576921270) info=|name="ODIN1"|program=1329875278|realm_permissions=1|last_logout_time_ms=1654045924000
D 2022-09-24 19:40:43.196784 [GSAccountProvider] {Main} Received GameTimeInfo: (Game: US-ODIN-576921270) info=
I 2022-09-24 19:40:43.726864 [FeatureManager] {Main} Feature changed: auks_auks_1b9d30cb=false
I 2022-09-24 19:40:43.726887 [FeatureManager] {Main} Feature changed: fenris_fenris_424044a4=false
I 2022-09-24 19:40:43.726895 [FeatureManager] {Main} Feature changed: moon_f2d0d2f4=false
D 2022-09-24 19:40:43.726918 [GSAccountProvider] {Main} Subscription has been activated. entityId=(BNet: 1:0:30a41c7f)
D 2022-09-24 19:40:43.726929 [GSAccountProvider] {Main} Querying game accounts for region: EU
D 2022-09-24 19:40:43.726936 [GSAccountProvider] {Main} Querying game accounts for region: KR
D 2022-09-24 19:40:43.726940 [GSAccountProvider] {Main} Querying game accounts for region: SG
D 2022-09-24 19:40:43.726944 [GSAccountProvider] {Main} Querying game accounts for region: XX
D 2022-09-24 19:40:43.726948 [GSAccountProvider] {Main} Querying game accounts for region: GLOBAL
D 2022-09-24 19:40:43.726975 [GSAccountProvider] {Main} Received GameTimeRemainingInfo: (Game: US-ODIN-576921270) info=
D 2022-09-24 19:40:43.727013 [GSAccountProvider] {Main} Received GameLevelInfo: (Game: US-ODIN-576921270) info=|name="ODIN1"|program=1329875278|realm_permissions=1|last_logout_time_ms=1657834732000
D 2022-09-24 19:40:43.727035 [GSAccountProvider] {Main} Subscription has been activated. entityId=(Game: US-ODIN-576921270)
I 2022-09-24 19:40:43.736712 [CatalogLoader] {Main} *** LOAD STARTED default: Context(LocalCAS: 68d0ab196644f98052e5498040371d6d I) ***
D 2022-09-24 19:40:44.069152 [CatalogVarStorage] {Main} Setting var from catalog Browser.DisableSiteIsolation=true
D 2022-09-24 19:40:44.069173 [CatalogVarStorage] {Main} Setting var from catalog Client.Voice.LastDestroySessionLogoutTime=60000
D 2022-09-24 19:40:44.069182 [CatalogVarStorage] {Main} Setting var from catalog Client.AccountHintRequiredProgramIds=ANBS
D 2022-09-24 19:40:44.069186 [CatalogVarStorage] {Main} Setting var from catalog Client.ActivisionAutoAccountCreation.Games=ODIN,ZEUS,FORE,AUKS
D 2022-09-24 19:40:44.069190 [CatalogVarStorage] {Main} Setting var from catalog Client.Shop.SaleNotificationEnabled=false
D 2022-09-24 19:40:44.069195 [CatalogVarStorage] {Main} Setting var from catalog Client.OwlScreen.LiveCheckIntervalMS=300000
D 2022-09-24 19:40:44.069205 [CatalogVarStorage] {Main} Setting var from catalog Client.Announcements.MaximumAnnouncements=20
D 2022-09-24 19:40:44.069210 [CatalogVarStorage] {Main} Setting var from catalog Client.NewProfileWindowLayout=true
D 2022-09-24 19:40:44.069215 [CatalogVarStorage] {Main} Setting var from catalog Client.PromotedScreenVersion=3
D 2022-09-24 19:40:44.069220 [CatalogVarStorage] {Main} Setting var from catalog Client.Shop.SaleNotificationVersion=6
D 2022-09-24 19:40:44.069224 [CatalogVarStorage] {Main} Setting var from catalog Client.Version.BetaAccessOverride=enabled
D 2022-09-24 19:40:44.069229 [CatalogVarStorage] {Main} Setting var from catalog Client.Version.BetaBranchOverride=beta
D 2022-09-24 19:40:44.069234 [CatalogVarStorage] {Main} Setting var from catalog Services.WhisperChannels.InactivityTimeoutMS=0
D 2022-09-24 19:40:44.069239 [CatalogVarStorage] {Main} Setting var from catalog Services.HTTPClient.ConnectionTimeoutMS=0
I 2022-09-24 19:40:44.071437 [CatalogLoader] {Main} *** LOAD COMPLETE default ***
D 2022-09-24 19:40:44.071464 [GSAccountProvider] {Main} Region 'EU' has no game accounts.
D 2022-09-24 19:40:44.071470 [GSAccountProvider] {Main} Region 'KR' has no game accounts.
D 2022-09-24 19:40:44.071473 [GSAccountProvider] {Main} Region 'SG' has no game accounts.
D 2022-09-24 19:40:44.071476 [GSAccountProvider] {Main} Region 'XX' has no game accounts.
D 2022-09-24 19:40:44.071506 [GSAccountProvider] {Main} Region 'GLOBAL' has no game accounts.
I 2022-09-24 19:40:44.071511 [GSStateTracker] {Main} All region requests have been completed!
I 2022-09-24 19:40:44.071529 [GSStateTracker] {Main} State changed to: WaitingForEntitlements
D 2022-09-24 19:40:44.071538 [GSAccountProvider] {Main} Completed initial load.
D 2022-09-24 19:40:44.071541 [GSAccountProvider] {Main} Querying game status for program id: D3
D 2022-09-24 19:40:44.071548 [GSAccountProvider] {Main} Querying game status for program id: S1
D 2022-09-24 19:40:44.071580 [GSAccountProvider] {Main} Querying game status for program id: S2
D 2022-09-24 19:40:44.071584 [GSAccountProvider] {Main} Querying game status for program id: W3
D 2022-09-24 19:40:44.071587 [GSAccountProvider] {Main} Querying game status for program id: Fen
D 2022-09-24 19:40:44.071590 [GSAccountProvider] {Main} Querying game status for program id: OSI
D 2022-09-24 19:40:44.071608 [GSAccountProvider] {Main} Querying game status for program id: Pro
D 2022-09-24 19:40:44.071612 [GSAccountProvider] {Main} Querying game status for program id: ANBS
D 2022-09-24 19:40:44.071615 [GSAccountProvider] {Main} Querying game status for program id: AUKS
D 2022-09-24 19:40:44.071619 [GSAccountProvider] {Main} Querying game status for program id: D3CN
D 2022-09-24 19:40:44.071622 [GSAccountProvider] {Main} Querying game status for program id: FORE
D 2022-09-24 19:40:44.071625 [GSAccountProvider] {Main} Querying game status for program id: Hero
D 2022-09-24 19:40:44.071629 [GSAccountProvider] {Main} Querying game status for program id: LAZR
D 2022-09-24 19:40:44.071633 [GSAccountProvider] {Main} Querying game status for program id: ODIN
D 2022-09-24 19:40:44.071636 [GSAccountProvider] {Main} Querying game status for program id: RTRO
D 2022-09-24 19:40:44.071639 [GSAccountProvider] {Main} Querying game status for program id: SPOT
D 2022-09-24 19:40:44.071642 [GSAccountProvider] {Main} Querying game status for program id: VIPR
D 2022-09-24 19:40:44.071646 [GSAccountProvider] {Main} Querying game status for program id: WLBY
D 2022-09-24 19:40:44.071649 [GSAccountProvider] {Main} Querying game status for program id: WTCG
D 2022-09-24 19:40:44.071652 [GSAccountProvider] {Main} Querying game status for program id: ZEUS
I 2022-09-24 19:40:44.071906 [GSStateTracker] {Main} State changed to: Ready
I 2022-09-24 19:40:44.071915 [GSAccountProvider] {Main} Loaded accounts: 7
I 2022-09-24 19:40:44.071921 [GSAccountProvider] {Main} [OSI-OSI:beta]
I 2022-09-24 19:40:44.071925 [GSAccountProvider] {Main} [ODIN-ODIN_MW:beta]
I 2022-09-24 19:40:44.071928 [GSAccountProvider] {Main} [S1-S1:ptr]
I 2022-09-24 19:40:44.071953 [GSAccountProvider] {Main} [FORE-FORE:beta]
I 2022-09-24 19:40:44.071956 [GSAccountProvider] {Main} [Hero-Hero:ptr]
I 2022-09-24 19:40:44.071958 [GSAccountProvider] {Main} [ODIN-ODIN:retail]
I 2022-09-24 19:40:44.071975 [GSAccountProvider] {Main} [ZEUS-ZEUS:beta]
I 2022-09-24 19:40:44.071978 [AccountManager] {Main} Account manager state has changed to: Ready
I 2022-09-24 19:40:44.072007 [GameProvider] {Main} Beginning GameProvider initialization.
D 2022-09-24 19:40:44.072026 [GameProvider] {Main} Inserting new unbound entity because no suitable match was found. uniqueId=D3CN_retail
D 2022-09-24 19:40:44.072108 [GameProvider] {Main} Inserting new unbound entity because no suitable match was found. uniqueId=ANBS_retail
D 2022-09-24 19:40:44.072169 [GameProvider] {Main} Inserting new unbound entity because no suitable match was found. uniqueId=AUKS_retail
D 2022-09-24 19:40:44.072227 [GameProvider] {Main} Inserting new unbound entity because no suitable match was found. uniqueId=D3_retail
D 2022-09-24 19:40:44.072288 [GameProvider] {Main} Inserting new unbound entity because no suitable match was found. uniqueId=GRY_retail
D 2022-09-24 19:40:44.072345 [GameProvider] {Main} Inserting new unbound entity because no suitable match was found. uniqueId=FORE_retail
D 2022-09-24 19:40:44.072402 [GameProvider] {Main} Inserting new unbound entity because no suitable match was found. uniqueId=Fen_retail
D 2022-09-24 19:40:44.072458 [GameProvider] {Main} Inserting new unbound entity because no suitable match was found. uniqueId=Hero_retail
D 2022-09-24 19:40:44.072539 [GameProvider] {Main} Inserting new unbound entity because no suitable match was found. uniqueId=OSI_retail
D 2022-09-24 19:40:44.072614 [GameProvider] {Main} Inserting new unbound entity because no suitable match was found. uniqueId=LAZR_retail
D 2022-09-24 19:40:44.072672 [GameProvider] {Main} Inserting new unbound entity because no suitable match was found. uniqueId=ODIN_retail
D 2022-09-24 19:40:44.072679 [GameProvider] {Main} Inserting new unbound entity because no suitable match was found. uniqueId=Pro_retail
D 2022-09-24 19:40:44.072739 [GameProvider] {Main} Inserting new unbound entity because no suitable match was found. uniqueId=RTRO_retail
D 2022-09-24 19:40:44.072794 [GameProvider] {Main} Inserting new unbound entity because no suitable match was found. uniqueId=S1_retail
D 2022-09-24 19:40:44.072850 [GameProvider] {Main} Inserting new unbound entity because no suitable match was found. uniqueId=S2_retail
D 2022-09-24 19:40:44.072904 [GameProvider] {Main} Inserting new unbound entity because no suitable match was found. uniqueId=SPOT_retail
D 2022-09-24 19:40:44.072959 [GameProvider] {Main} Inserting new unbound entity because no suitable match was found. uniqueId=VIPR_retail
D 2022-09-24 19:40:44.073016 [GameProvider] {Main} Inserting new unbound entity because no suitable match was found. uniqueId=W3_retail
D 2022-09-24 19:40:44.073074 [GameProvider] {Main} Inserting new unbound entity because no suitable match was found. uniqueId=WLBY_retail
D 2022-09-24 19:40:44.073164 [GameProvider] {Main} Inserting new unbound entity because no suitable match was found. uniqueId=WTCG_retail
D 2022-09-24 19:40:44.073222 [GameProvider] {Main} Inserting new unbound entity because no suitable match was found. uniqueId=WoW_retail
D 2022-09-24 19:40:44.073278 [GameProvider] {Main} Tried to insert an unbound entity with no uid. productCode=WoWC_wow_classic
D 2022-09-24 19:40:44.073285 [GameProvider] {Main} Inserting new unbound entity because no suitable match was found. uniqueId=ZEUS_retail
D 2022-09-24 19:40:44.073350 [GameProvider] {Main} Tried to insert an unbound entity that already exists. productCode=ODIN_retail bound=0
I 2022-09-24 19:40:44.073373 [GameProvider] {Main} Inserting new bound entity because no suitable match was found. accountInfo=[OSI-OSI:beta] productId=OSI productType=beta
I 2022-09-24 19:40:44.073459 [GameProvider] {Main} Inserting new bound entity because no suitable match was found. accountInfo=[ODIN-ODIN_MW:beta] productId=ODIN_MW productType=beta
I 2022-09-24 19:40:44.073531 [GameProvider] {Main} Inserting new bound entity because no suitable match was found. accountInfo=[S1-S1:ptr] productId=S1 productType=ptr
I 2022-09-24 19:40:44.073597 [GameProvider] {Main} Inserting new bound entity because no suitable match was found. accountInfo=[FORE-FORE:beta] productId=FORE productType=beta
I 2022-09-24 19:40:44.073663 [GameProvider] {Main} Inserting new bound entity because no suitable match was found. accountInfo=[Hero-Hero:ptr] productId=Hero productType=ptr
D 2022-09-24 19:40:44.073728 [GameProvider] {Main} Binding account info to available unbound entity. productCode=ODIN_retail accountInfo=[ODIN-ODIN:retail]
I 2022-09-24 19:40:44.073741 [GameProvider] {Main} Inserting new bound entity because no suitable match was found. accountInfo=[ZEUS-ZEUS:beta] productId=ZEUS productType=beta
I 2022-09-24 19:40:44.073799 [GameProvider] {Main} Game provider is now initialized
I 2022-09-24 19:40:44.073869 [InstallFlow] {Main} FlowController is now initialized
I 2022-09-24 19:40:44.073898 [GameController] {Main} Beginning GameController initialization
D 2022-09-24 19:40:44.073950 [GameController] {Main} Game Family Added: id=D3CN visible=0
D 2022-09-24 19:40:44.074002 [ProductState] {Main} Game product state created: uid=d3cn
D 2022-09-24 19:40:44.074014 [ProductState] {Main} InstallState (d3cn): currentOperation=Install currentOperationStatus=New
I 2022-09-24 19:40:44.074061 [GameController] {Main} GameAccount added to family: family=D3CN account=GameAccount(D3CN:retail region=<none> unbound hidden)
D 2022-09-24 19:40:44.074081 [GameController] {Main} Adding product state reference. uid=d3cn refCount=0
D 2022-09-24 19:40:44.080490 [GameController] {Main} Game Family Added: id=FORE visible=0
D 2022-09-24 19:40:44.080566 [ProductState] {Main} Game product state created: uid=fore
D 2022-09-24 19:40:44.080591 [ProductState] {Main} InstallState (fore): currentOperation=Install currentOperationStatus=New
I 2022-09-24 19:40:44.080643 [GameController] {Main} GameAccount added to family: family=FORE account=GameAccount(FORE:retail region=US unbound)
D 2022-09-24 19:40:44.080661 [GameController] {Main} Adding product state reference. uid=fore refCount=0
D 2022-09-24 19:40:44.080696 [GameController] {Main} Visibility Changed. family=FORE visible=1
D 2022-09-24 19:40:44.081021 [GameController] {Main} Game Family Added: id=SPOT visible=0
D 2022-09-24 19:40:44.081052 [ProductState] {Main} Game product state created: uid=spot
D 2022-09-24 19:40:44.081062 [ProductState] {Main} InstallState (spot): currentOperation=Install currentOperationStatus=New
I 2022-09-24 19:40:44.081093 [GameController] {Main} GameAccount added to family: family=SPOT account=GameAccount(SPOT:retail region=US unbound hidden)
D 2022-09-24 19:40:44.081107 [GameController] {Main} Adding product state reference. uid=spot refCount=0
D 2022-09-24 19:40:44.081376 [GameController] {Main} Game Family Added: id=ANBS visible=0
D 2022-09-24 19:40:44.081409 [ProductState] {Main} Game product state created: uid=anbs
D 2022-09-24 19:40:44.081419 [ProductState] {Main} InstallState (anbs): currentOperation=Install currentOperationStatus=New
I 2022-09-24 19:40:44.081450 [GameController] {Main} GameAccount added to family: family=ANBS account=GameAccount(ANBS:retail region=US unbound)
D 2022-09-24 19:40:44.081467 [GameController] {Main} Adding product state reference. uid=anbs refCount=0
D 2022-09-24 19:40:44.081496 [GameController] {Main} Visibility Changed. family=ANBS visible=1
D 2022-09-24 19:40:44.081741 [GameController] {Main} Game Family Added: id=Pro visible=0
D 2022-09-24 19:40:44.081774 [ProductState] {Main} Game product state created: uid=prometheus
D 2022-09-24 19:40:44.081783 [ProductState] {Main} InstallState (prometheus): currentOperation=Install currentOperationStatus=New
I 2022-09-24 19:40:44.081815 [GameController] {Main} GameAccount added to family: family=Pro account=GameAccount(Pro:retail region=US unbound)
D 2022-09-24 19:40:44.081831 [GameController] {Main} Adding product state reference. uid=prometheus refCount=0
D 2022-09-24 19:40:44.081861 [GameController] {Main} Visibility Changed. family=Pro visible=1
D 2022-09-24 19:40:44.082104 [GameController] {Main} Game Family Added: id=AUKS visible=0
D 2022-09-24 19:40:44.082136 [ProductState] {Main} Game product state created: uid=auks
D 2022-09-24 19:40:44.082146 [ProductState] {Main} InstallState (auks): currentOperation=Install currentOperationStatus=New
I 2022-09-24 19:40:44.082175 [GameController] {Main} GameAccount added to family: family=AUKS account=GameAccount(AUKS:retail region=US unbound)
D 2022-09-24 19:40:44.082191 [GameController] {Main} Adding product state reference. uid=auks refCount=0
D 2022-09-24 19:40:44.082219 [GameController] {Main} Visibility Changed. family=AUKS visible=1
D 2022-09-24 19:40:44.082484 [GameController] {Main} Game Family Added: id=S1 visible=0
D 2022-09-24 19:40:44.082533 [ProductState] {Main} Game product state created: uid=s1_ptr
D 2022-09-24 19:40:44.082543 [ProductState] {Main} InstallState (s1_ptr): currentOperation=Install currentOperationStatus=New
I 2022-09-24 19:40:44.082575 [GameController] {Main} GameAccount added to family: family=S1 account=GameAccount(S1:ptr region=XX)
D 2022-09-24 19:40:44.082590 [GameController] {Main} Adding product state reference. uid=s1_ptr refCount=0
D 2022-09-24 19:40:44.082618 [GameController] {Main} Visibility Changed. family=S1 visible=1
D 2022-09-24 19:40:44.082866 [ProductState] {Main} Game product state created: uid=s1
D 2022-09-24 19:40:44.082875 [ProductState] {Main} InstallState (s1): currentOperation=Install currentOperationStatus=New
I 2022-09-24 19:40:44.082906 [GameController] {Main} GameAccount added to family: family=S1 account=GameAccount(S1:retail region=US unbound)
D 2022-09-24 19:40:44.082918 [GameController] {Main} Adding product state reference. uid=s1 refCount=0
D 2022-09-24 19:40:44.083187 [GameController] {Main} Game Family Added: id=OSI visible=0
D 2022-09-24 19:40:44.083219 [ProductState] {Main} Game product state created: uid=osi
D 2022-09-24 19:40:44.083228 [ProductState] {Main} InstallState (osi): currentOperation=Install currentOperationStatus=New
I 2022-09-24 19:40:44.083257 [GameController] {Main} GameAccount added to family: family=OSI account=GameAccount(OSI:retail region=US unbound)
D 2022-09-24 19:40:44.083272 [GameController] {Main} Adding product state reference. uid=osi refCount=0
D 2022-09-24 19:40:44.083301 [GameController] {Main} Visibility Changed. family=OSI visible=1
D 2022-09-24 19:40:44.083545 [GameController] {Main} Game Family Added: id=Fen visible=0
D 2022-09-24 19:40:44.083573 [ProductState] {Main} Game product state created: uid=fenris
D 2022-09-24 19:40:44.083582 [ProductState] {Main} InstallState (fenris): currentOperation=Install currentOperationStatus=New
I 2022-09-24 19:40:44.083612 [GameController] {Main} GameAccount added to family: family=Fen account=GameAccount(Fen:retail region=US unbound hidden)
D 2022-09-24 19:40:44.083627 [GameController] {Main} Adding product state reference. uid=fenris refCount=0
D 2022-09-24 19:40:44.083890 [GameController] {Main} Game Family Added: id=S2 visible=0
D 2022-09-24 19:40:44.083918 [ProductState] {Main} Game product state created: uid=s2
D 2022-09-24 19:40:44.083926 [ProductState] {Main} InstallState (s2): currentOperation=Install currentOperationStatus=New
I 2022-09-24 19:40:44.083957 [GameController] {Main} GameAccount added to family: family=S2 account=GameAccount(S2:retail region=US unbound)
D 2022-09-24 19:40:44.083971 [GameController] {Main} Adding product state reference. uid=s2 refCount=0
D 2022-09-24 19:40:44.083997 [GameController] {Main} Visibility Changed. family=S2 visible=1
D 2022-09-24 19:40:44.084260 [GameController] {Main} Game Family Added: id=D3 visible=0
D 2022-09-24 19:40:44.084301 [ProductState] {Main} Game product state created: uid=diablo3
D 2022-09-24 19:40:44.084310 [ProductState] {Main} InstallState (diablo3): currentOperation=Install currentOperationStatus=New
I 2022-09-24 19:40:44.084340 [GameController] {Main} GameAccount added to family: family=D3 account=GameAccount(D3:retail region=US unbound)
D 2022-09-24 19:40:44.084358 [GameController] {Main} Adding product state reference. uid=diablo3 refCount=0
D 2022-09-24 19:40:44.084387 [GameController] {Main} Visibility Changed. family=D3 visible=1
D 2022-09-24 19:40:44.084666 [GameController] {Main} Game Family Added: id=GRY visible=0
D 2022-09-24 19:40:44.084700 [ProductState] {Main} Game product state created: uid=gryphon
D 2022-09-24 19:40:44.084709 [ProductState] {Main} InstallState (gryphon): currentOperation=Install currentOperationStatus=New
I 2022-09-24 19:40:44.084739 [GameController] {Main} GameAccount added to family: family=GRY account=GameAccount(GRY:retail region=US unbound)
D 2022-09-24 19:40:44.084756 [GameController] {Main} Adding product state reference. uid=gryphon refCount=0
D 2022-09-24 19:40:44.084785 [GameController] {Main} Visibility Changed. family=GRY visible=1
D 2022-09-24 19:40:44.085029 [GameController] {Main} Game Family Added: id=Hero visible=0
D 2022-09-24 19:40:44.085059 [ProductState] {Main} Game product state created: uid=heroes
D 2022-09-24 19:40:44.085069 [ProductState] {Main} InstallState (heroes): currentOperation=Install currentOperationStatus=New
I 2022-09-24 19:40:44.085100 [GameController] {Main} GameAccount added to family: family=Hero account=GameAccount(Hero:retail region=US unbound)
D 2022-09-24 19:40:44.085115 [GameController] {Main} Adding product state reference. uid=heroes refCount=0
D 2022-09-24 19:40:44.085142 [GameController] {Main} Visibility Changed. family=Hero visible=1
D 2022-09-24 19:40:44.085384 [GameController] {Main} Game Family Added: id=LAZR visible=0
D 2022-09-24 19:40:44.085414 [ProductState] {Main} Game product state created: uid=lazarus
D 2022-09-24 19:40:44.085424 [ProductState] {Main} InstallState (lazarus): currentOperation=Install currentOperationStatus=New
I 2022-09-24 19:40:44.085455 [GameController] {Main} GameAccount added to family: family=LAZR account=GameAccount(LAZR:retail region=US unbound)
D 2022-09-24 19:40:44.085468 [GameController] {Main} Adding product state reference. uid=lazarus refCount=0
D 2022-09-24 19:40:44.085495 [GameController] {Main} Visibility Changed. family=LAZR visible=1
D 2022-09-24 19:40:44.085745 [ProductState] {Main} Game product state created: uid=fore_beta
D 2022-09-24 19:40:44.085755 [ProductState] {Main} InstallState (fore_beta): currentOperation=Install currentOperationStatus=New
I 2022-09-24 19:40:44.085798 [GameController] {Main} GameAccount added to family: family=FORE account=GameAccount(FORE:beta region=US hidden)
D 2022-09-24 19:40:44.085810 [GameController] {Main} Adding product state reference. uid=fore_beta refCount=0
D 2022-09-24 19:40:44.086072 [GameController] {Main} Game Family Added: id=ODIN visible=0
I 2022-09-24 19:40:44.086091 [GameController] {Main} GameAccount added to family: family=ODIN account=GameAccount(ODIN:retail region=US)
D 2022-09-24 19:40:44.086104 [GameController] {Main} Adding product state reference. uid=odin refCount=0
D 2022-09-24 19:40:44.086132 [GameController] {Main} Visibility Changed. family=ODIN visible=1
D 2022-09-24 19:40:44.086373 [GameController] {Main} Game Family Added: id=RTRO visible=0
D 2022-09-24 19:40:44.086405 [ProductState] {Main} Game product state created: uid=rtro
D 2022-09-24 19:40:44.086415 [ProductState] {Main} InstallState (rtro): currentOperation=Install currentOperationStatus=New
I 2022-09-24 19:40:44.086466 [GameController] {Main} GameAccount added to family: family=RTRO account=GameAccount(RTRO:retail region=US unbound)
D 2022-09-24 19:40:44.086481 [GameController] {Main} Adding product state reference. uid=rtro refCount=0
D 2022-09-24 19:40:44.086524 [GameController] {Main} Visibility Changed. family=RTRO visible=1
D 2022-09-24 19:40:44.086766 [GameController] {Main} Game Family Added: id=VIPR visible=0
D 2022-09-24 19:40:44.086798 [ProductState] {Main} Game product state created: uid=viper
D 2022-09-24 19:40:44.086807 [ProductState] {Main} InstallState (viper): currentOperation=Install currentOperationStatus=New
I 2022-09-24 19:40:44.086836 [GameController] {Main} GameAccount added to family: family=VIPR account=GameAccount(VIPR:retail region=US unbound)
D 2022-09-24 19:40:44.086849 [GameController] {Main} Adding product state reference. uid=viper refCount=0
D 2022-09-24 19:40:44.086876 [GameController] {Main} Visibility Changed. family=VIPR visible=1
D 2022-09-24 19:40:44.087117 [GameController] {Main} Game Family Added: id=ZEUS visible=0
D 2022-09-24 19:40:44.087151 [ProductState] {Main} Game product state created: uid=zeus_beta
D 2022-09-24 19:40:44.087161 [ProductState] {Main} InstallState (zeus_beta): currentOperation=Install currentOperationStatus=New
I 2022-09-24 19:40:44.087200 [GameController] {Main} GameAccount added to family: family=ZEUS account=GameAccount(ZEUS:beta region=US hidden)
D 2022-09-24 19:40:44.087213 [GameController] {Main} Adding product state reference. uid=zeus_beta refCount=0
D 2022-09-24 19:40:44.087490 [GameController] {Main} Game Family Added: id=W3 visible=0
D 2022-09-24 19:40:44.087520 [ProductState] {Main} Game product state created: uid=w3
D 2022-09-24 19:40:44.087529 [ProductState] {Main} InstallState (w3): currentOperation=Install currentOperationStatus=New
I 2022-09-24 19:40:44.087561 [GameController] {Main} GameAccount added to family: family=W3 account=GameAccount(W3:retail region=US unbound)
D 2022-09-24 19:40:44.087575 [GameController] {Main} Adding product state reference. uid=w3 refCount=0
D 2022-09-24 19:40:44.087601 [GameController] {Main} Visibility Changed. family=W3 visible=1
D 2022-09-24 19:40:44.087842 [GameController] {Main} Game Family Added: id=WLBY visible=0
D 2022-09-24 19:40:44.087872 [ProductState] {Main} Game product state created: uid=wlby
D 2022-09-24 19:40:44.087881 [ProductState] {Main} InstallState (wlby): currentOperation=Install currentOperationStatus=New
I 2022-09-24 19:40:44.087912 [GameController] {Main} GameAccount added to family: family=WLBY account=GameAccount(WLBY:retail region=US unbound)
D 2022-09-24 19:40:44.087925 [GameController] {Main} Adding product state reference. uid=wlby refCount=0
D 2022-09-24 19:40:44.087952 [GameController] {Main} Visibility Changed. family=WLBY visible=1
D 2022-09-24 19:40:44.088191 [GameController] {Main} Game Family Added: id=WTCG visible=0
D 2022-09-24 19:40:44.088233 [ProductState] {Main} Game product state created: uid=hs_beta
D 2022-09-24 19:40:44.088242 [ProductState] {Main} InstallState (hs_beta): currentOperation=Install currentOperationStatus=New
I 2022-09-24 19:40:44.088284 [GameController] {Main} GameAccount added to family: family=WTCG account=GameAccount(WTCG:retail region=US unbound)
D 2022-09-24 19:40:44.088299 [GameController] {Main} Adding product state reference. uid=hs_beta refCount=0
D 2022-09-24 19:40:44.088327 [GameController] {Main} Visibility Changed. family=WTCG visible=1
D 2022-09-24 19:40:44.088632 [GameController] {Main} Game Family Added: id=WoW visible=0
D 2022-09-24 19:40:44.088661 [ProductState] {Main} Game product state created: uid=wow
D 2022-09-24 19:40:44.088670 [ProductState] {Main} InstallState (wow): currentOperation=Install currentOperationStatus=New
I 2022-09-24 19:40:44.088702 [GameController] {Main} GameAccount added to family: family=WoW account=GameAccount(WoW:retail region=US unbound)
D 2022-09-24 19:40:44.088716 [GameController] {Main} Adding product state reference. uid=wow refCount=0
D 2022-09-24 19:40:44.088743 [GameController] {Main} Visibility Changed. family=WoW visible=1
D 2022-09-24 19:40:44.088993 [ProductState] {Main} Game product state created: uid=zeus
D 2022-09-24 19:40:44.089002 [ProductState] {Main} InstallState (zeus): currentOperation=Install currentOperationStatus=New
I 2022-09-24 19:40:44.089033 [GameController] {Main} GameAccount added to family: family=ZEUS account=GameAccount(ZEUS:retail region=US unbound)
D 2022-09-24 19:40:44.089045 [GameController] {Main} Adding product state reference. uid=zeus refCount=0
D 2022-09-24 19:40:44.089072 [GameController] {Main} Visibility Changed. family=ZEUS visible=1
D 2022-09-24 19:40:44.089323 [ProductState] {Main} Game product state created: uid=osi_beta
D 2022-09-24 19:40:44.089334 [ProductState] {Main} InstallState (osi_beta): currentOperation=Install currentOperationStatus=New
I 2022-09-24 19:40:44.089376 [GameController] {Main} GameAccount added to family: family=OSI account=GameAccount(OSI:beta region=US hidden)
D 2022-09-24 19:40:44.089389 [GameController] {Main} Adding product state reference. uid=osi_beta refCount=0
D 2022-09-24 19:40:44.089669 [ProductState] {Main} Game product state created: uid=odin_beta
D 2022-09-24 19:40:44.089679 [ProductState] {Main} InstallState (odin_beta): currentOperation=Install currentOperationStatus=New
I 2022-09-24 19:40:44.089719 [GameController] {Main} GameAccount added to family: family=ODIN account=GameAccount(ODIN:beta region=US hidden)
D 2022-09-24 19:40:44.089732 [GameController] {Main} Adding product state reference. uid=odin_beta refCount=0
D 2022-09-24 19:40:44.090006 [ProductState] {Main} Game product state created: uid=heroes_ptr
D 2022-09-24 19:40:44.090016 [ProductState] {Main} InstallState (heroes_ptr): currentOperation=Install currentOperationStatus=New
I 2022-09-24 19:40:44.090043 [GameController] {Main} GameAccount added to family: family=Hero account=GameAccount(Hero:ptr region=XX)
D 2022-09-24 19:40:44.090059 [GameController] {Main} Adding product state reference. uid=heroes_ptr refCount=0
I 2022-09-24 19:40:44.094610 [GameController] {Main} Setting default selections for game controller
D 2022-09-24 19:40:44.094631 [GameController] {Main} Picked default selection by type for product group: WoW account=GameAccount(WoW:retail region=US unbound)
D 2022-09-24 19:40:44.095135 [GameController] {Main} Selected region change: GameAccount(WoW:retail region=US unbound)
D 2022-09-24 19:40:44.095147 [GameController] {Main} Region changed for selected game account: GameAccount(WoW:retail region=US unbound)
D 2022-09-24 19:40:44.097552 [GameController] {Main} New selection for product group WoW: account=GameAccount(WoW:retail region=US unbound) selectedItem=World of Warcraft
D 2022-09-24 19:40:44.099369 [GameController] {Main} Picked default selection by type for product group: SPOT account=GameAccount(null)
D 2022-09-24 19:40:44.099424 [GameController] {Main} Picked default selection by type for product group: OSI account=GameAccount(OSI:retail region=US unbound)
D 2022-09-24 19:40:44.099903 [GameController] {Main} Selected region change: GameAccount(OSI:retail region=US unbound)
D 2022-09-24 19:40:44.099916 [GameController] {Main} Region changed for selected game account: GameAccount(OSI:retail region=US unbound)
D 2022-09-24 19:40:44.101715 [GameController] {Main} New selection for product group OSI: account=GameAccount(OSI:retail region=US unbound) selectedItem=Diablo II: Resurrected
D 2022-09-24 19:40:44.103327 [GameController] {Main} Picked default selection by type for product group: Hero account=GameAccount(Hero:retail region=US unbound)
D 2022-09-24 19:40:44.103845 [GameController] {Main} Selected region change: GameAccount(Hero:retail region=US unbound)
D 2022-09-24 19:40:44.103858 [GameController] {Main} Region changed for selected game account: GameAccount(Hero:retail region=US unbound)
D 2022-09-24 19:40:44.105456 [GameController] {Main} New selection for product group Hero: account=GameAccount(Hero:retail region=US unbound) selectedItem=Heroes of the Storm
D 2022-09-24 19:40:44.106903 [GameController] {Main} Picked default selection by type for product group: AUKS account=GameAccount(AUKS:retail region=US unbound)
D 2022-09-24 19:40:44.107370 [GameController] {Main} Selected region change: GameAccount(AUKS:retail region=US unbound)
D 2022-09-24 19:40:44.107386 [GameController] {Main} Region changed for selected game account: GameAccount(AUKS:retail region=US unbound)
D 2022-09-24 19:40:44.107402 [GameController] {Main} New selection for product group AUKS: account=GameAccount(AUKS:retail region=US unbound) selectedItem=Call of Duty: Modern Warfare II
D 2022-09-24 19:40:44.107423 [GameController] {Main} Picked default selection by type for product group: D3 account=GameAccount(D3:retail region=US unbound)
D 2022-09-24 19:40:44.107811 [GameController] {Main} Selected region change: GameAccount(D3:retail region=US unbound)
D 2022-09-24 19:40:44.107822 [GameController] {Main} Region changed for selected game account: GameAccount(D3:retail region=US unbound)
D 2022-09-24 19:40:44.109341 [GameController] {Main} New selection for product group D3: account=GameAccount(D3:retail region=US unbound) selectedItem=Diablo III
D 2022-09-24 19:40:44.110760 [GameController] {Main} Picked default selection by type for product group: VIPR account=GameAccount(VIPR:retail region=US unbound)
D 2022-09-24 19:40:44.111211 [GameController] {Main} Selected region change: GameAccount(VIPR:retail region=US unbound)
D 2022-09-24 19:40:44.111223 [GameController] {Main} Region changed for selected game account: GameAccount(VIPR:retail region=US unbound)
D 2022-09-24 19:40:44.112725 [GameController] {Main} New selection for product group VIPR: account=GameAccount(VIPR:retail region=US unbound) selectedItem=Call of Duty: Black Ops 4
D 2022-09-24 19:40:44.114136 [GameController] {Main} Picked default selection by type for product group: ANBS account=GameAccount(ANBS:retail region=US unbound)
D 2022-09-24 19:40:44.114599 [GameController] {Main} Selected region change: GameAccount(ANBS:retail region=US unbound)
D 2022-09-24 19:40:44.114613 [GameController] {Main} Region changed for selected game account: GameAccount(ANBS:retail region=US unbound)
D 2022-09-24 19:40:44.116099 [GameController] {Main} New selection for product group ANBS: account=GameAccount(ANBS:retail region=US unbound) selectedItem=Diablo Immortal
D 2022-09-24 19:40:44.117513 [GameController] {Main} Picked default selection by type for product group: S2 account=GameAccount(S2:retail region=US unbound)
D 2022-09-24 19:40:44.117968 [GameController] {Main} Selected region change: GameAccount(S2:retail region=US unbound)
D 2022-09-24 19:40:44.117980 [GameController] {Main} Region changed for selected game account: GameAccount(S2:retail region=US unbound)
D 2022-09-24 19:40:44.119554 [GameController] {Main} New selection for product group S2: account=GameAccount(S2:retail region=US unbound) selectedItem=StarCraft II
D 2022-09-24 19:40:44.120978 [GameController] {Main} Picked default selection by type for product group: W3 account=GameAccount(W3:retail region=US unbound)
D 2022-09-24 19:40:44.121442 [GameController] {Main} Selected region change: GameAccount(W3:retail region=US unbound)
D 2022-09-24 19:40:44.121454 [GameController] {Main} Region changed for selected game account: GameAccount(W3:retail region=US unbound)
D 2022-09-24 19:40:44.122968 [GameController] {Main} New selection for product group W3: account=GameAccount(W3:retail region=US unbound) selectedItem=Warcraft III
D 2022-09-24 19:40:44.124385 [GameController] {Main} Picked default selection by type for product group: FORE account=GameAccount(FORE:retail region=US unbound)
D 2022-09-24 19:40:44.124844 [GameController] {Main} Selected region change: GameAccount(FORE:retail region=US unbound)
D 2022-09-24 19:40:44.124856 [GameController] {Main} Region changed for selected game account: GameAccount(FORE:retail region=US unbound)
D 2022-09-24 19:40:44.124871 [GameController] {Main} New selection for product group FORE: account=GameAccount(FORE:retail region=US unbound) selectedItem=Call of Duty: Vanguard
D 2022-09-24 19:40:44.124887 [GameController] {Main} Picked default selection by type for product group: ZEUS account=GameAccount(ZEUS:retail region=US unbound)
D 2022-09-24 19:40:44.125272 [GameController] {Main} Selected region change: GameAccount(ZEUS:retail region=US unbound)
D 2022-09-24 19:40:44.125282 [GameController] {Main} Region changed for selected game account: GameAccount(ZEUS:retail region=US unbound)
D 2022-09-24 19:40:44.126831 [GameController] {Main} New selection for product group ZEUS: account=GameAccount(ZEUS:retail region=US unbound) selectedItem=Call of Duty: Black Ops Cold War
D 2022-09-24 19:40:44.128284 [GameController] {Main} Picked default selection by type for product group: LAZR account=GameAccount(LAZR:retail region=US unbound)
D 2022-09-24 19:40:44.128752 [GameController] {Main} Selected region change: GameAccount(LAZR:retail region=US unbound)
D 2022-09-24 19:40:44.128764 [GameController] {Main} Region changed for selected game account: GameAccount(LAZR:retail region=US unbound)
D 2022-09-24 19:40:44.130283 [GameController] {Main} New selection for product group LAZR: account=GameAccount(LAZR:retail region=US unbound) selectedItem=Call of Duty: MW2 Campaign Remastered
D 2022-09-24 19:40:44.131713 [GameController] {Main} Picked default selection by type for product group: S1 account=GameAccount(S1:retail region=US unbound)
D 2022-09-24 19:40:44.132219 [GameController] {Main} Selected region change: GameAccount(S1:retail region=US unbound)
D 2022-09-24 19:40:44.132231 [GameController] {Main} Region changed for selected game account: GameAccount(S1:retail region=US unbound)
D 2022-09-24 19:40:44.133732 [GameController] {Main} New selection for product group S1: account=GameAccount(S1:retail region=US unbound) selectedItem=StarCraft
D 2022-09-24 19:40:44.135128 [GameController] {Main} Picked default selection by type for product group: Fen account=GameAccount(null)
D 2022-09-24 19:40:44.135148 [GameController] {Main} Picked default selection by type for product group: GRY account=GameAccount(GRY:retail region=US unbound)
D 2022-09-24 19:40:44.135610 [GameController] {Main} Selected region change: GameAccount(GRY:retail region=US unbound)
D 2022-09-24 19:40:44.135624 [GameController] {Main} Region changed for selected game account: GameAccount(GRY:retail region=US unbound)
D 2022-09-24 19:40:44.135640 [GameController] {Main} New selection for product group GRY: account=GameAccount(GRY:retail region=US unbound) selectedItem=Warcraft Arclight Rumble
D 2022-09-24 19:40:44.135660 [GameController] {Main} Picked default selection by type for product group: ODIN account=GameAccount(ODIN:retail region=US)
D 2022-09-24 19:40:44.136054 [GameController] {Main} Selected region change: GameAccount(ODIN:retail region=US)
D 2022-09-24 19:40:44.136065 [GameController] {Main} Region changed for selected game account: GameAccount(ODIN:retail region=US)
D 2022-09-24 19:40:44.137549 [RemoteContentCache] {Main} Found cached remote content. url=https://nydus.battle.net/App/esMX/client/odin/alert?targetRegion=US
D 2022-09-24 19:40:44.137575 [GameController] {Main} New selection for product group ODIN: account=GameAccount(ODIN:retail region=US) selectedItem=Call of Duty: Warzone
D 2022-09-24 19:40:44.138985 [GameController] {Main} Picked default selection by type for product group: Pro account=GameAccount(Pro:retail region=US unbound)
D 2022-09-24 19:40:44.139443 [GameController] {Main} Selected region change: GameAccount(Pro:retail region=US unbound)
D 2022-09-24 19:40:44.139455 [GameController] {Main} Region changed for selected game account: GameAccount(Pro:retail region=US unbound)
D 2022-09-24 19:40:44.140949 [GameController] {Main} New selection for product group Pro: account=GameAccount(Pro:retail region=US unbound) selectedItem=Overwatch
D 2022-09-24 19:40:44.142385 [GameController] {Main} Picked default selection by type for product group: WLBY account=GameAccount(WLBY:retail region=US unbound)
D 2022-09-24 19:40:44.142874 [GameController] {Main} Selected region change: GameAccount(WLBY:retail region=US unbound)
D 2022-09-24 19:40:44.142887 [GameController] {Main} Region changed for selected game account: GameAccount(WLBY:retail region=US unbound)
D 2022-09-24 19:40:44.144464 [GameController] {Main} New selection for product group WLBY: account=GameAccount(WLBY:retail region=US unbound) selectedItem=Crash Bandicoot 4: It's About Time
D 2022-09-24 19:40:44.145904 [GameController] {Main} Picked default selection by type for product group: RTRO account=GameAccount(RTRO:retail region=US unbound)
D 2022-09-24 19:40:44.146359 [GameController] {Main} Selected region change: GameAccount(RTRO:retail region=US unbound)
D 2022-09-24 19:40:44.146373 [GameController] {Main} Region changed for selected game account: GameAccount(RTRO:retail region=US unbound)
D 2022-09-24 19:40:44.147907 [GameController] {Main} New selection for product group RTRO: account=GameAccount(RTRO:retail region=US unbound) selectedItem=Coleccin de arcade de Blizzard
D 2022-09-24 19:40:44.149344 [GameController] {Main} Picked default selection by type for product group: WTCG account=GameAccount(WTCG:retail region=US unbound)
D 2022-09-24 19:40:44.149819 [GameController] {Main} Selected region change: GameAccount(WTCG:retail region=US unbound)
D 2022-09-24 19:40:44.149832 [GameController] {Main} Region changed for selected game account: GameAccount(WTCG:retail region=US unbound)
D 2022-09-24 19:40:44.151348 [GameController] {Main} New selection for product group WTCG: account=GameAccount(WTCG:retail region=US unbound) selectedItem=Hearthstone
D 2022-09-24 19:40:44.152759 [GameController] {Main} Picked default selection by type for product group: D3CN account=GameAccount(null)
D 2022-09-24 19:40:44.152829 [GameController] {Main} Selecting game family by id: ODIN
D 2022-09-24 19:40:44.152838 [GameController] {Main} Active family set to: ODIN
D 2022-09-24 19:40:44.156794 [GameController] {Main} Active product set to: ODIN_retail
I 2022-09-24 19:40:44.158471 [GameController] {Main} GameController initialization complete
I 2022-09-24 19:40:44.174777 [FeatureManager] {Main} Feature changed: http_test=false tags=http_request_control
I 2022-09-24 19:40:44.174803 [FeatureManager] {Main} Feature changed: battle.net_http_request_0_c6caed0e=false
D 2022-09-24 19:40:44.174820 [GSAccountProvider] {Main} Completed final load.
I 2022-09-24 19:40:44.194606 [CatalogLoader] {Main} *** LOAD STARTED default: Context(LocalCAS: 68d0ab196644f98052e5498040371d6d I) ***
D 2022-09-24 19:40:44.516489 [CatalogVarStorage] {Main} Var no longer exists in catalog. Resetting (Services.HTTPClient.ConnectionTimeoutMS)
D 2022-09-24 19:40:44.516516 [CatalogVarStorage] {Main} Setting var from catalog Browser.DisableSiteIsolation=true
D 2022-09-24 19:40:44.516524 [CatalogVarStorage] {Main} Setting var from catalog Client.Voice.LastDestroySessionLogoutTime=60000
D 2022-09-24 19:40:44.516531 [CatalogVarStorage] {Main} Setting var from catalog Client.AccountHintRequiredProgramIds=ANBS
D 2022-09-24 19:40:44.516537 [CatalogVarStorage] {Main} Setting var from catalog Client.ActivisionAutoAccountCreation.Games=ODIN,ZEUS,FORE,AUKS
D 2022-09-24 19:40:44.516541 [CatalogVarStorage] {Main} Setting var from catalog Client.Shop.SaleNotificationEnabled=false
D 2022-09-24 19:40:44.516545 [CatalogVarStorage] {Main} Setting var from catalog Client.OwlScreen.LiveCheckIntervalMS=300000
D 2022-09-24 19:40:44.516555 [CatalogVarStorage] {Main} Setting var from catalog Client.Announcements.MaximumAnnouncements=20
D 2022-09-24 19:40:44.516560 [CatalogVarStorage] {Main} Setting var from catalog Client.NewProfileWindowLayout=true
D 2022-09-24 19:40:44.516565 [CatalogVarStorage] {Main} Setting var from catalog Client.PromotedScreenVersion=3
D 2022-09-24 19:40:44.516570 [CatalogVarStorage] {Main} Setting var from catalog Client.Shop.SaleNotificationVersion=6
D 2022-09-24 19:40:44.516575 [CatalogVarStorage] {Main} Setting var from catalog Client.Version.BetaAccessOverride=enabled
D 2022-09-24 19:40:44.516578 [CatalogVarStorage] {Main} Setting var from catalog Client.Version.BetaBranchOverride=beta
D 2022-09-24 19:40:44.516583 [CatalogVarStorage] {Main} Setting var from catalog Services.WhisperChannels.InactivityTimeoutMS=0
I 2022-09-24 19:40:44.518758 [CatalogLoader] {Main} *** LOAD COMPLETE default ***
I 2022-09-24 19:40:44.727143 [GameProduct] {Main} Changes to GameProduct(ODIN): ChangeFlags(64)
D 2022-09-24 19:40:45.165242 [BAPIGateway] {Main} API request: https://us.api.blizzard.com/content-api/v1/layoutTemplates/blt478cfc6c41578ddb/layout?cxpProductId=blt90855744d00cd378
I 2022-09-24 19:40:45.220183 [ScreenController] {Main} Changing screen to: Games
I 2022-09-24 19:40:45.222215 [StartupGameSearch] {Main} Skipping automated search for unregistered games
W 2022-09-24 19:40:45.222236 [InstallManager] {Main} Skipping search for unregistered games.
I 2022-09-24 19:40:45.222243 [InstallManager] {Main} Searching for unregistered games finished.
I 2022-09-24 19:40:45.222275 [StartupGameSearch] {Main} Completed automated search for unregistered games
I 2022-09-24 19:40:45.222430 [InstallFlow] {Main} No longer waiting for game registration search to complete.
D 2022-09-24 19:40:45.223753 [InventoryController] {Main} Updating inventory
D 2022-09-24 19:40:45.223766 [InventoryController] {Main} GetInventoryInfo request
D 2022-09-24 19:40:45.223780 [BAPIGateway] {Main} API request: https://us.api.blizzard.com/AccountInventoryService/v1/GetNewInventoryItemCount
I 2022-09-24 19:40:45.225820 [Clubs] {Main} Subscribing to club membership.
I 2022-09-24 19:40:45.225906 [ChannelV2] {Main} Subscribing to channelv2 membership service. |agentId=|id=576918510|program=4288624|region=1
I 2022-09-24 19:40:45.225945 [BNLogin] {Main} Logged into Battle.net successfully. |bnet=1:0:30a41c7f|game=2:100417070:226313ee
I 2022-09-24 19:40:45.812086 [ChannelV2] {Main} ChannelV2 membership subscription created.
I 2022-09-24 19:40:45.812968 [Clubs] {Main} Club membership subscription created: |accountId=|id=816061567
D 2022-09-24 19:40:46.117258 [BAPIGateway] {Main} API response: Unauthorized content=
W 2022-09-24 19:40:46.117359 [BAPIGateway] {Main} Bad or missing auth, queuing request and creating new token
I 2022-09-24 19:40:46.117377 [BAPIGateway] {Main} Fetching new auth token
E 2022-09-24 19:40:46.128422 [Main] {Main} Failed to fetch takeover data. error=5300 httpStatus=401
D 2022-09-24 19:40:46.173609 [BAPIGateway] {Main} API response: Unauthorized content=
W 2022-09-24 19:40:46.173664 [BAPIGateway] {Main} Bad or missing auth, queuing request and creating new token
E 2022-09-24 19:40:46.179723 [InventoryController] {Main} GetInventoryInfo error: 5300
I 2022-09-24 19:40:47.097250 [BAPIGateway] {Main} New auth token received
I 2022-09-24 19:40:47.127784 [BAPIGateway] {Main} Processing request queue, count: 2
D 2022-09-24 19:40:47.127817 [BAPIGateway] {Main} API request: https://us.api.blizzard.com/content-api/v1/layoutTemplates/blt478cfc6c41578ddb/layout?cxpProductId=blt90855744d00cd378
D 2022-09-24 19:40:47.129837 [BAPIGateway] {Main} API request: https://us.api.blizzard.com/AccountInventoryService/v1/GetNewInventoryItemCount
D 2022-09-24 19:40:47.419611 [BAPIGateway] {Main} API response: OK content={"error":null,"newCount":0,"totalCount":0}
D 2022-09-24 19:40:47.419638 [InventoryController] {Main} Inventory changed, new: 0 total: 0
D 2022-09-24 19:40:47.656958 [BAPIGateway] {Main} API response: OK content={"layoutId":"blt9fc836ef855c7669","sections":[{"name":"Takeovers","contentItems":[{"contentId":"bltc5441c2ab260567f","contentType":"playScreenLinks","context":{"locale":"es-mx"},"properties":{"title":"[TAKEOVER] [COD MWII] Open Beta is live","internalTitle":"[TAKEOVER] [COD MWII] Open Beta is live","cxpProduct":{"cxpProductId":"blt6265ad29cd0b34b0","titleId":1096108883,"title":"Call of Duty: Modern Warfare II","productCode":"AUKS","segment":"cod-mwii","logo":{"imageUrl":"https://blz-contentstack-images.akamaized.net/v3/assets/blt286175c11a6b3f4c/blt7418bcb44b6fc6ba/628ecf24f0d1fd1155a976e7/MWII_icon_SQUARE.svg","imageFileType":"image/svg+xml","imageAltText":"Call of Duty: Modern Warfare II","url":"https://blz-contentstack-images.akamaized.net/v3/assets/blt286175c11a6b3f4c/blt7418bcb44b6fc6ba/628ecf24f0d1fd1155a976e7/MWII_icon_SQUARE.svg","fileType":"image/svg+xml","altText":"Call of Duty: Modern Warfare II"},"context":{"locale":"en-us"}},"cxpProductId":"blt6265ad29cd0b34b0","summary":"","callToAction":"Juega gratis ahora","category":"Tiempo limitado","staticAsset":{"imageUrl":"https://blz-contentstack-images.akamaized.net/v3/assets/blt286175c11a6b3f4c/bltcde1773be4effd67/6329fcea636d390da7826024/CODMW2_Beta-Bnet_Game-Content_UI_(Phoenix)-1920x1080-CTA_7_ES-MX.jpg","imageFileType":"image/jpeg","imageAltText":"Open Beta is live","url":"https://blz-contentstack-images.akamaized.net/v3/assets/blt286175c11a6b3f4c/bltcde1773be4effd67/6329fcea636d390da7826024/CODMW2_Beta-Bnet_Game-Content_UI_(Phoenix)-1920x1080-CTA_7_ES-MX.jpg","fileType":"image/jpeg","altText":"Open Beta is live"},"lastUpdated":"2022-09-24T17:00:00.313Z","crossPromotion":true}}]}],"context":{"locale":"es-mx","cxpProductId":"blt90855744d00cd378","layoutTemplateId":"blt478cfc6c41578ddb","region":"North America","includeFeed":false}}
E 2022-09-24 19:40:48.736908 [BNSocialNetwork] {Main} Error response for BGS Facebook friend list. error=ERROR_SOCIAL_NETWORK_NO_ACCOUNT_DATA (9005)
I 2022-09-24 19:41:15.091891 [Agent] {Agent} Agent Version is now: 2.29.3.8020 (retail)
I 2022-09-24 19:41:15.145539 [GameSessionList] {Agent} Reporting process: TrackingInfo(uid=battle.net, type=game, opStatus=On, reqId=0, running=6, oldRunning=1)
E 2022-09-24 19:41:15.146870 [InstallManager] {Main} Error response from Agent GetOpaqueJsonContent: error=2300
I 2022-09-24 19:41:15.147662 [InstallManager] {Main} Setting Process Running: true uid=battle.net binaryType=game any=true
D 2022-09-24 19:41:17.236731 [VersionManager] {Main} Branch change from Agent detected. activeBranch= branches={}
D 2022-09-24 19:41:17.236747 [VersionManager] {Main} Beta branch is available: false
D 2022-09-24 19:41:17.286660 [InstallManager] {Main} Registration complete for agentUid=odin and region=us
I 2022-09-24 19:41:17.286760 [ScreenController] {Main} Changing screen to: Games
I 2022-09-24 19:41:17.286845 [GameController] {Main} Selecting game by uid. uid=odin prioritizeUpdate=1
I 2022-09-24 19:41:17.289299 [GameController] {Main} Prioritize Update: uid=odin
D 2022-09-24 19:41:17.306530 [InstallManager] {Main} Game finished versioning odin
D 2022-09-24 19:41:17.606894 [InstallManager] {Main} Game finished versioning odin
D 2022-09-24 19:41:17.896425 [VersionManager] {Main} Branch change from Agent detected. activeBranch= branches={[0]=beta, [1]=cn, [2]=eu, [3]=kr, [4]=macos-10.12, [5]=sg, [6]=tw, [7]=us}
D 2022-09-24 19:41:17.896450 [VersionManager] {Main} Beta branch is available: true
D 2022-09-24 19:41:19.556801 [InstallManager] {Main} Game finished versioning battle.net
D 2022-09-24 19:41:23.626532 [InstallManager] {Main} Update started: battle.net
I 2022-09-24 19:42:27.336955 [InstallManager] {Main} Self-update patch applied: seqn 11 -> 11
D 2022-09-24 19:42:27.337009 [Main] {Main} SelfUpdate received by SelfUpdateEventProxy. isCriticalUpdate=false applyUpdateNow=true
D 2022-09-24 19:42:27.337046 [InstallManager] {Main} Update completed: battle.net
D 2022-09-24 19:42:27.337764 [InstallInfo] {Main} Operation status changed: opType=Update oldStatus=On newStatus=Off agentUid=battle.net
I 2022-09-24 19:42:30.762594 [GameController] {Main} Update: uid=odin selected region=US
D 2022-09-24 19:42:30.762619 [InstallInfo] {Main} Operation status changed: opType=Update oldStatus=Off newStatus=On agentUid=odin
D 2022-09-24 19:42:30.762653 [ProductState] {Main} InstallState (odin): currentOperationStatus=Waiting
I 2022-09-24 19:42:30.772496 [Frontend] {Main} Switching Progress display mode. uid=odin mode=ShowProgressBar
D 2022-09-24 19:42:32.556779 [ProductState] {Main} InstallState (odin): currentOperationStatus=Queued downloadRemainingExists=1
D 2022-09-24 19:42:34.336874 [ProductState] {Main} InstallState (odin): currentOperationStatus=Initializing progress=0
D 2022-09-24 19:42:34.846843 [ProductState] {Main} InstallState (odin):
D 2022-09-24 19:42:34.846894 [InstallManager] {Main} Update started: odin
D 2022-09-24 19:42:42.566713 [ProductState] {Main} InstallState (odin):
D 2022-09-24 19:42:54.216740 [ProductState] {Main} InstallState (odin): currentOperationStatus=Running bytesToDownload=21545490115 updatesToApplySize=21546348855 downloadRate=667385 downloadRemaining=21545490115 progress=0.000250239 playableProgress=0.000250239 thresholds=(1,1,1)
D 2022-09-24 19:44:01.339536 [GameController] {Main} Shutting down GameController
D 2022-09-24 19:44:01.339559 [Main] {Main} Shutting down GameLaunchController
I 2022-09-24 19:44:01.339641 [GameController] {Main} Deleting GameFamily: , # of game accounts:0
I 2022-09-24 19:44:01.339668 [GameController] {Main} Deleting GameFamily: SPOT, # of game accounts:1
I 2022-09-24 19:44:01.339696 [GameController] {Main} Deleting GameFamily: Fen, # of game accounts:1
I 2022-09-24 19:44:01.339715 [GameController] {Main} Deleting GameFamily: D3CN, # of game accounts:1
D 2022-09-24 19:44:01.339752 [ProductState] {Main} Game product state destroyed: uid=
D 2022-09-24 19:44:01.339759 [ProductState] {Main} Game product state destroyed: uid=d3cn
D 2022-09-24 19:44:01.339771 [ProductState] {Main} Game product state destroyed: uid=spot
D 2022-09-24 19:44:01.339796 [ProductState] {Main} Game product state destroyed: uid=fenris
I 2022-09-24 19:44:01.339852 [GameController] {Main} Deleting GameFamily: GRY, # of game accounts:1
D 2022-09-24 19:44:01.339871 [ProductState] {Main} Game product state destroyed: uid=gryphon
I 2022-09-24 19:44:01.339895 [GameController] {Main} Deleting GameFamily: ANBS, # of game accounts:1
D 2022-09-24 19:44:01.339917 [ProductState] {Main} Game product state destroyed: uid=anbs
I 2022-09-24 19:44:01.339937 [GameController] {Main} Deleting GameFamily: WoW, # of game accounts:1
D 2022-09-24 19:44:01.339956 [ProductState] {Main} Game product state destroyed: uid=wow
I 2022-09-24 19:44:01.339974 [GameController] {Main} Deleting GameFamily: WTCG, # of game accounts:1
D 2022-09-24 19:44:01.339995 [ProductState] {Main} Game product state destroyed: uid=hs_beta
I 2022-09-24 19:44:01.340013 [GameController] {Main} Deleting GameFamily: OSI, # of game accounts:2
D 2022-09-24 19:44:01.340025 [ProductState] {Main} Game product state destroyed: uid=osi_beta
D 2022-09-24 19:44:01.340041 [ProductState] {Main} Game product state destroyed: uid=osi
I 2022-09-24 19:44:01.340056 [GameController] {Main} Deleting GameFamily: Pro, # of game accounts:1
D 2022-09-24 19:44:01.340074 [ProductState] {Main} Game product state destroyed: uid=prometheus
I 2022-09-24 19:44:01.340091 [GameController] {Main} Deleting GameFamily: D3, # of game accounts:1
D 2022-09-24 19:44:01.340109 [ProductState] {Main} Game product state destroyed: uid=diablo3
I 2022-09-24 19:44:01.340125 [GameController] {Main} Deleting GameFamily: W3, # of game accounts:1
D 2022-09-24 19:44:01.340145 [ProductState] {Main} Game product state destroyed: uid=w3
I 2022-09-24 19:44:01.340161 [GameController] {Main} Deleting GameFamily: S2, # of game accounts:1
D 2022-09-24 19:44:01.340178 [ProductState] {Main} Game product state destroyed: uid=s2
I 2022-09-24 19:44:01.340195 [GameController] {Main} Deleting GameFamily: Hero, # of game accounts:2
D 2022-09-24 19:44:01.340213 [ProductState] {Main} Game product state destroyed: uid=heroes_ptr
D 2022-09-24 19:44:01.340229 [ProductState] {Main} Game product state destroyed: uid=heroes
I 2022-09-24 19:44:01.340248 [GameController] {Main} Deleting GameFamily: S1, # of game accounts:2
D 2022-09-24 19:44:01.340265 [ProductState] {Main} Game product state destroyed: uid=s1_ptr
D 2022-09-24 19:44:01.340281 [ProductState] {Main} Game product state destroyed: uid=s1
I 2022-09-24 19:44:01.340299 [GameController] {Main} Deleting GameFamily: RTRO, # of game accounts:1
D 2022-09-24 19:44:01.340315 [ProductState] {Main} Game product state destroyed: uid=rtro
I 2022-09-24 19:44:01.340335 [GameController] {Main} Deleting GameFamily: AUKS, # of game accounts:1
D 2022-09-24 19:44:01.340349 [ProductState] {Main} Game product state destroyed: uid=auks
I 2022-09-24 19:44:01.340365 [GameController] {Main} Deleting GameFamily: ODIN, # of game accounts:2
D 2022-09-24 19:44:01.340377 [ProductState] {Main} Game product state destroyed: uid=odin_beta
D 2022-09-24 19:44:01.340396 [ProductState] {Main} Game product state destroyed: uid=odin
I 2022-09-24 19:44:01.340417 [GameController] {Main} Deleting GameFamily: FORE, # of game accounts:2
D 2022-09-24 19:44:01.340430 [ProductState] {Main} Game product state destroyed: uid=fore_beta
D 2022-09-24 19:44:01.340443 [ProductState] {Main} Game product state destroyed: uid=fore
I 2022-09-24 19:44:01.340461 [GameController] {Main} Deleting GameFamily: ZEUS, # of game accounts:2
D 2022-09-24 19:44:01.340474 [ProductState] {Main} Game product state destroyed: uid=zeus_beta
D 2022-09-24 19:44:01.340490 [ProductState] {Main} Game product state destroyed: uid=zeus
I 2022-09-24 19:44:01.340506 [GameController] {Main} Deleting GameFamily: LAZR, # of game accounts:1
D 2022-09-24 19:44:01.340521 [ProductState] {Main} Game product state destroyed: uid=lazarus
I 2022-09-24 19:44:01.340538 [GameController] {Main} Deleting GameFamily: VIPR, # of game accounts:1
D 2022-09-24 19:44:01.340555 [ProductState] {Main} Game product state destroyed: uid=viper
I 2022-09-24 19:44:01.340572 [GameController] {Main} Deleting GameFamily: WLBY, # of game accounts:1
D 2022-09-24 19:44:01.340588 [ProductState] {Main} Game product state destroyed: uid=wlby
I 2022-09-24 19:44:01.340831 [ToastManager] {Main} Clearing toast queue
I 2022-09-24 19:44:02.558822 [BrowserAppImpl] {Main} Waited 0 msec to close all browsers.
D 2022-09-24 19:44:03.705405 [Main] {Main} Shutting down Backend
D 2022-09-24 19:44:03.705425 [Main] {Main} Closing IPC Service
D 2022-09-24 19:44:03.705450 [CommandQueue] {Main} IPCService is shutting down
D 2022-09-24 19:44:03.705654 [Main] {Main} Shutting down account manager
I 2022-09-24 19:44:03.705701 [GSStateTracker] {Main} State changed to: Incomplete
I 2022-09-24 19:44:03.705707 [AccountManager] {Main} Account manager state has changed to: Incomplete
I 2022-09-24 19:44:03.705730 [GameProvider] {Main} Game provider is no longer initialized and is now reset
D 2022-09-24 19:44:03.705935 [Main] {Main} Shutting down CacheManager
D 2022-09-24 19:44:03.705940 [Main] {Main} Shutting down analytics processor
D 2022-09-24 19:44:03.706163 [Main] {Main} Shutting down worker pool
D 2022-09-24 19:44:03.706571 [Main] {Main} Shutting down backend processor
D 2022-09-24 19:44:03.709124 [Main] {Main} Shutting down data cache
D 2022-09-24 19:44:03.709539 [Main] {Main} Shutting down catalog manager
D 2022-09-24 19:44:03.711198 [Main] {Main} Shutting down environment manager
D 2022-09-24 19:44:03.711278 [Main] {Main} Shutting down battle.net api gateway
D 2022-09-24 19:44:03.711287 [Main] {Main} Shutting down suggested friends service
D 2022-09-24 19:44:03.711297 [Main] {Main} Shutting down voice service
D 2022-09-24 19:44:03.711302 [Main] {Main} Shutting down remote content manager
D 2022-09-24 19:44:03.711307 [Main] {Main} Shutting down analytics session
D 2022-09-24 19:44:03.711341 [Main] {Main} Shutting down agent manager
D 2022-09-24 19:44:03.711354 [Agent] {Main} PolicyHandler Thread STOPPING
D 2022-09-24 19:44:03.711364 [Agent] {Agent} PolicyHandlerThreadProc: The rest is silence.
D 2022-09-24 19:44:03.711877 [Agent] {Main} PolicyHandler Thread STOPPED
D 2022-09-24 19:44:03.714344 [Agent] {Main} Communicated shutdown to Agent
D 2022-09-24 19:44:03.714471 [Main] {Main} Shutting down game provider
D 2022-09-24 19:44:03.714495 [Main] {Main} Shutting down battle.net interface
D 2022-09-24 19:44:04.088334 [Main] {Main} Shutting down callback queue
D 2022-09-24 19:44:04.088369 [WebServer] {Main} Shutting down WebServerImpl
D 2022-09-24 19:44:04.088533 [WebServer] {Main} WebServerImpl is stopped
D 2022-09-24 19:44:04.416038 [DIAG_BNL_Voice] {Main} {4e28} debug: Notification client reference removed: 0
